{"C:\\Users\\anasr\\Downloads\\KickMates-New\\server\\dist\\index.js": {"path":"C:\\Users\\anasr\\Downloads\\KickMates-New\\server\\dist\\index.js","statementMap":{"0":{"start":{"line":2,"column":22},"end":{"line":4,"column":1}},"1":{"start":{"line":3,"column":4},"end":{"line":3,"column":62}},"2":{"start":{"line":5,"column":0},"end":{"line":5,"column":62}},"3":{"start":{"line":6,"column":0},"end":{"line":6,"column":38}},"4":{"start":{"line":7,"column":18},"end":{"line":7,"column":53}},"5":{"start":{"line":8,"column":15},"end":{"line":8,"column":47}},"6":{"start":{"line":9,"column":17},"end":{"line":9,"column":51}},"7":{"start":{"line":10,"column":17},"end":{"line":10,"column":51}},"8":{"start":{"line":11,"column":21},"end":{"line":11,"column":68}},"9":{"start":{"line":12,"column":22},"end":{"line":12,"column":70}},"10":{"start":{"line":13,"column":29},"end":{"line":13,"column":84}},"11":{"start":{"line":14,"column":24},"end":{"line":14,"column":74}},"12":{"start":{"line":15,"column":26},"end":{"line":15,"column":78}},"13":{"start":{"line":16,"column":27},"end":{"line":16,"column":80}},"14":{"start":{"line":17,"column":15},"end":{"line":17,"column":47}},"15":{"start":{"line":18,"column":15},"end":{"line":18,"column":47}},"16":{"start":{"line":19,"column":24},"end":{"line":19,"column":56}},"17":{"start":{"line":21,"column":0},"end":{"line":21,"column":26}},"18":{"start":{"line":23,"column":0},"end":{"line":23,"column":52}},"19":{"start":{"line":24,"column":12},"end":{"line":24,"column":36}},"20":{"start":{"line":25,"column":0},"end":{"line":25,"column":18}},"21":{"start":{"line":26,"column":13},"end":{"line":26,"column":37}},"22":{"start":{"line":28,"column":15},"end":{"line":28,"column":47}},"23":{"start":{"line":29,"column":0},"end":{"line":29,"column":24}},"24":{"start":{"line":31,"column":0},"end":{"line":31,"column":49}},"25":{"start":{"line":33,"column":0},"end":{"line":33,"column":31}},"26":{"start":{"line":34,"column":0},"end":{"line":34,"column":34}},"27":{"start":{"line":35,"column":0},"end":{"line":35,"column":83}},"28":{"start":{"line":36,"column":0},"end":{"line":36,"column":38}},"29":{"start":{"line":38,"column":0},"end":{"line":38,"column":44}},"30":{"start":{"line":39,"column":0},"end":{"line":39,"column":46}},"31":{"start":{"line":40,"column":0},"end":{"line":40,"column":60}},"32":{"start":{"line":41,"column":0},"end":{"line":41,"column":50}},"33":{"start":{"line":42,"column":0},"end":{"line":42,"column":53}},"34":{"start":{"line":43,"column":0},"end":{"line":43,"column":56}},"35":{"start":{"line":45,"column":0},"end":{"line":50,"column":1}},"36":{"start":{"line":46,"column":4},"end":{"line":46,"column":91}},"37":{"start":{"line":47,"column":4},"end":{"line":49,"column":7}},"38":{"start":{"line":48,"column":8},"end":{"line":48,"column":85}},"39":{"start":{"line":52,"column":0},"end":{"line":55,"column":3}},"40":{"start":{"line":53,"column":4},"end":{"line":53,"column":29}},"41":{"start":{"line":54,"column":4},"end":{"line":54,"column":63}},"42":{"start":{"line":57,"column":0},"end":{"line":61,"column":1}},"43":{"start":{"line":58,"column":4},"end":{"line":60,"column":7}},"44":{"start":{"line":59,"column":8},"end":{"line":59,"column":54}}},"fnMap":{"0":{"name":"(anonymous_0)","decl":{"start":{"line":2,"column":56},"end":{"line":2,"column":57}},"loc":{"start":{"line":2,"column":71},"end":{"line":4,"column":1}},"line":2},"1":{"name":"(anonymous_1)","decl":{"start":{"line":47,"column":17},"end":{"line":47,"column":18}},"loc":{"start":{"line":47,"column":31},"end":{"line":49,"column":5}},"line":47},"2":{"name":"(anonymous_2)","decl":{"start":{"line":52,"column":8},"end":{"line":52,"column":9}},"loc":{"start":{"line":52,"column":33},"end":{"line":55,"column":1}},"line":52},"3":{"name":"(anonymous_3)","decl":{"start":{"line":58,"column":24},"end":{"line":58,"column":25}},"loc":{"start":{"line":58,"column":30},"end":{"line":60,"column":5}},"line":58}},"branchMap":{"0":{"loc":{"start":{"line":2,"column":22},"end":{"line":4,"column":1}},"type":"binary-expr","locations":[{"start":{"line":2,"column":23},"end":{"line":2,"column":27}},{"start":{"line":2,"column":31},"end":{"line":2,"column":51}},{"start":{"line":2,"column":56},"end":{"line":4,"column":1}}],"line":2},"1":{"loc":{"start":{"line":3,"column":11},"end":{"line":3,"column":61}},"type":"cond-expr","locations":[{"start":{"line":3,"column":37},"end":{"line":3,"column":40}},{"start":{"line":3,"column":43},"end":{"line":3,"column":61}}],"line":3},"2":{"loc":{"start":{"line":3,"column":12},"end":{"line":3,"column":33}},"type":"binary-expr","locations":[{"start":{"line":3,"column":12},"end":{"line":3,"column":15}},{"start":{"line":3,"column":19},"end":{"line":3,"column":33}}],"line":3},"3":{"loc":{"start":{"line":26,"column":13},"end":{"line":26,"column":37}},"type":"binary-expr","locations":[{"start":{"line":26,"column":13},"end":{"line":26,"column":29}},{"start":{"line":26,"column":33},"end":{"line":26,"column":37}}],"line":26},"4":{"loc":{"start":{"line":45,"column":0},"end":{"line":50,"column":1}},"type":"if","locations":[{"start":{"line":45,"column":0},"end":{"line":50,"column":1}},{"start":{},"end":{}}],"line":45},"5":{"loc":{"start":{"line":57,"column":0},"end":{"line":61,"column":1}},"type":"if","locations":[{"start":{"line":57,"column":0},"end":{"line":61,"column":1}},{"start":{},"end":{}}],"line":57}},"s":{"0":1,"1":12,"2":1,"3":1,"4":1,"5":1,"6":1,"7":1,"8":1,"9":1,"10":1,"11":1,"12":1,"13":1,"14":1,"15":1,"16":1,"17":1,"18":1,"19":1,"20":1,"21":1,"22":1,"23":1,"24":1,"25":1,"26":1,"27":1,"28":1,"29":1,"30":1,"31":1,"32":1,"33":1,"34":1,"35":1,"36":0,"37":0,"38":0,"39":1,"40":0,"41":0,"42":1,"43":0,"44":0},"f":{"0":12,"1":0,"2":0,"3":0},"b":{"0":[1,1,1],"1":[6,6],"2":[12,12],"3":[1,0],"4":[0,1],"5":[0,1]},"inputSourceMap":null,"_coverageSchema":"1a1c01bbd47fc00a2c39e90264f33305004495a9","hash":"2996c9d0da338ddbc80a2863c586876e53e2a96f"}
,"C:\\Users\\anasr\\Downloads\\KickMates-New\\server\\dist\\controllers\\dashboardController.js": {"path":"C:\\Users\\anasr\\Downloads\\KickMates-New\\server\\dist\\controllers\\dashboardController.js","statementMap":{"0":{"start":{"line":2,"column":16},"end":{"line":10,"column":1}},"1":{"start":{"line":3,"column":28},"end":{"line":3,"column":110}},"2":{"start":{"line":3,"column":91},"end":{"line":3,"column":106}},"3":{"start":{"line":4,"column":4},"end":{"line":9,"column":7}},"4":{"start":{"line":5,"column":36},"end":{"line":5,"column":97}},"5":{"start":{"line":5,"column":42},"end":{"line":5,"column":70}},"6":{"start":{"line":5,"column":85},"end":{"line":5,"column":95}},"7":{"start":{"line":6,"column":35},"end":{"line":6,"column":100}},"8":{"start":{"line":6,"column":41},"end":{"line":6,"column":73}},"9":{"start":{"line":6,"column":88},"end":{"line":6,"column":98}},"10":{"start":{"line":7,"column":32},"end":{"line":7,"column":116}},"11":{"start":{"line":8,"column":8},"end":{"line":8,"column":78}},"12":{"start":{"line":11,"column":0},"end":{"line":11,"column":62}},"13":{"start":{"line":12,"column":0},"end":{"line":12,"column":142}},"14":{"start":{"line":13,"column":13},"end":{"line":13,"column":29}},"15":{"start":{"line":17,"column":22},"end":{"line":34,"column":2}},"16":{"start":{"line":17,"column":36},"end":{"line":34,"column":2}},"17":{"start":{"line":18,"column":4},"end":{"line":33,"column":5}},"18":{"start":{"line":20,"column":23},"end":{"line":27,"column":16}},"19":{"start":{"line":28,"column":8},"end":{"line":28,"column":37}},"20":{"start":{"line":31,"column":8},"end":{"line":31,"column":58}},"21":{"start":{"line":32,"column":8},"end":{"line":32,"column":72}},"22":{"start":{"line":35,"column":0},"end":{"line":35,"column":38}},"23":{"start":{"line":39,"column":23},"end":{"line":65,"column":2}},"24":{"start":{"line":39,"column":37},"end":{"line":65,"column":2}},"25":{"start":{"line":41,"column":19},"end":{"line":41,"column":77}},"26":{"start":{"line":42,"column":4},"end":{"line":64,"column":5}},"27":{"start":{"line":44,"column":27},"end":{"line":49,"column":34}},"28":{"start":{"line":51,"column":39},"end":{"line":58,"column":12}},"29":{"start":{"line":51,"column":83},"end":{"line":58,"column":10}},"30":{"start":{"line":52,"column":33},"end":{"line":56,"column":32}},"31":{"start":{"line":57,"column":12},"end":{"line":57,"column":119}},"32":{"start":{"line":57,"column":99},"end":{"line":57,"column":114}},"33":{"start":{"line":59,"column":8},"end":{"line":59,"column":53}},"34":{"start":{"line":62,"column":8},"end":{"line":62,"column":59}},"35":{"start":{"line":63,"column":8},"end":{"line":63,"column":73}},"36":{"start":{"line":66,"column":0},"end":{"line":66,"column":40}},"37":{"start":{"line":70,"column":26},"end":{"line":104,"column":2}},"38":{"start":{"line":70,"column":40},"end":{"line":104,"column":2}},"39":{"start":{"line":72,"column":19},"end":{"line":72,"column":77}},"40":{"start":{"line":73,"column":4},"end":{"line":103,"column":5}},"41":{"start":{"line":75,"column":30},"end":{"line":75,"column":125}},"42":{"start":{"line":76,"column":29},"end":{"line":76,"column":133}},"43":{"start":{"line":77,"column":35},"end":{"line":77,"column":135}},"44":{"start":{"line":78,"column":31},"end":{"line":78,"column":125}},"45":{"start":{"line":80,"column":31},"end":{"line":97,"column":9}},"46":{"start":{"line":98,"column":8},"end":{"line":98,"column":45}},"47":{"start":{"line":101,"column":8},"end":{"line":101,"column":63}},"48":{"start":{"line":102,"column":8},"end":{"line":102,"column":77}},"49":{"start":{"line":105,"column":0},"end":{"line":105,"column":46}},"50":{"start":{"line":109,"column":28},"end":{"line":133,"column":2}},"51":{"start":{"line":109,"column":42},"end":{"line":133,"column":2}},"52":{"start":{"line":111,"column":19},"end":{"line":111,"column":77}},"53":{"start":{"line":112,"column":4},"end":{"line":132,"column":5}},"54":{"start":{"line":114,"column":21},"end":{"line":114,"column":70}},"55":{"start":{"line":117,"column":30},"end":{"line":117,"column":87}},"56":{"start":{"line":117,"column":57},"end":{"line":117,"column":86}},"57":{"start":{"line":118,"column":29},"end":{"line":118,"column":86}},"58":{"start":{"line":118,"column":56},"end":{"line":118,"column":85}},"59":{"start":{"line":119,"column":40},"end":{"line":119,"column":97}},"60":{"start":{"line":119,"column":67},"end":{"line":119,"column":96}},"61":{"start":{"line":121,"column":30},"end":{"line":126,"column":9}},"62":{"start":{"line":127,"column":8},"end":{"line":127,"column":44}},"63":{"start":{"line":130,"column":8},"end":{"line":130,"column":61}},"64":{"start":{"line":131,"column":8},"end":{"line":131,"column":75}},"65":{"start":{"line":134,"column":0},"end":{"line":134,"column":50}},"66":{"start":{"line":138,"column":26},"end":{"line":156,"column":2}},"67":{"start":{"line":138,"column":40},"end":{"line":156,"column":2}},"68":{"start":{"line":140,"column":19},"end":{"line":140,"column":77}},"69":{"start":{"line":141,"column":4},"end":{"line":155,"column":5}},"70":{"start":{"line":142,"column":23},"end":{"line":149,"column":34}},"71":{"start":{"line":150,"column":8},"end":{"line":150,"column":37}},"72":{"start":{"line":153,"column":8},"end":{"line":153,"column":63}},"73":{"start":{"line":154,"column":8},"end":{"line":154,"column":77}},"74":{"start":{"line":157,"column":0},"end":{"line":157,"column":46}}},"fnMap":{"0":{"name":"(anonymous_0)","decl":{"start":{"line":2,"column":44},"end":{"line":2,"column":45}},"loc":{"start":{"line":2,"column":89},"end":{"line":10,"column":1}},"line":2},"1":{"name":"adopt","decl":{"start":{"line":3,"column":13},"end":{"line":3,"column":18}},"loc":{"start":{"line":3,"column":26},"end":{"line":3,"column":112}},"line":3},"2":{"name":"(anonymous_2)","decl":{"start":{"line":3,"column":70},"end":{"line":3,"column":71}},"loc":{"start":{"line":3,"column":89},"end":{"line":3,"column":108}},"line":3},"3":{"name":"(anonymous_3)","decl":{"start":{"line":4,"column":36},"end":{"line":4,"column":37}},"loc":{"start":{"line":4,"column":63},"end":{"line":9,"column":5}},"line":4},"4":{"name":"fulfilled","decl":{"start":{"line":5,"column":17},"end":{"line":5,"column":26}},"loc":{"start":{"line":5,"column":34},"end":{"line":5,"column":99}},"line":5},"5":{"name":"rejected","decl":{"start":{"line":6,"column":17},"end":{"line":6,"column":25}},"loc":{"start":{"line":6,"column":33},"end":{"line":6,"column":102}},"line":6},"6":{"name":"step","decl":{"start":{"line":7,"column":17},"end":{"line":7,"column":21}},"loc":{"start":{"line":7,"column":30},"end":{"line":7,"column":118}},"line":7},"7":{"name":"(anonymous_7)","decl":{"start":{"line":17,"column":22},"end":{"line":17,"column":23}},"loc":{"start":{"line":17,"column":36},"end":{"line":34,"column":2}},"line":17},"8":{"name":"(anonymous_8)","decl":{"start":{"line":17,"column":70},"end":{"line":17,"column":71}},"loc":{"start":{"line":17,"column":83},"end":{"line":34,"column":1}},"line":17},"9":{"name":"(anonymous_9)","decl":{"start":{"line":39,"column":23},"end":{"line":39,"column":24}},"loc":{"start":{"line":39,"column":37},"end":{"line":65,"column":2}},"line":39},"10":{"name":"(anonymous_10)","decl":{"start":{"line":39,"column":71},"end":{"line":39,"column":72}},"loc":{"start":{"line":39,"column":84},"end":{"line":65,"column":1}},"line":39},"11":{"name":"(anonymous_11)","decl":{"start":{"line":51,"column":72},"end":{"line":51,"column":73}},"loc":{"start":{"line":51,"column":83},"end":{"line":58,"column":10}},"line":51},"12":{"name":"(anonymous_12)","decl":{"start":{"line":51,"column":117},"end":{"line":51,"column":118}},"loc":{"start":{"line":51,"column":130},"end":{"line":58,"column":9}},"line":51},"13":{"name":"(anonymous_13)","decl":{"start":{"line":57,"column":92},"end":{"line":57,"column":93}},"loc":{"start":{"line":57,"column":99},"end":{"line":57,"column":114}},"line":57},"14":{"name":"(anonymous_14)","decl":{"start":{"line":70,"column":26},"end":{"line":70,"column":27}},"loc":{"start":{"line":70,"column":40},"end":{"line":104,"column":2}},"line":70},"15":{"name":"(anonymous_15)","decl":{"start":{"line":70,"column":74},"end":{"line":70,"column":75}},"loc":{"start":{"line":70,"column":87},"end":{"line":104,"column":1}},"line":70},"16":{"name":"(anonymous_16)","decl":{"start":{"line":109,"column":28},"end":{"line":109,"column":29}},"loc":{"start":{"line":109,"column":42},"end":{"line":133,"column":2}},"line":109},"17":{"name":"(anonymous_17)","decl":{"start":{"line":109,"column":76},"end":{"line":109,"column":77}},"loc":{"start":{"line":109,"column":89},"end":{"line":133,"column":1}},"line":109},"18":{"name":"(anonymous_18)","decl":{"start":{"line":117,"column":51},"end":{"line":117,"column":52}},"loc":{"start":{"line":117,"column":57},"end":{"line":117,"column":86}},"line":117},"19":{"name":"(anonymous_19)","decl":{"start":{"line":118,"column":50},"end":{"line":118,"column":51}},"loc":{"start":{"line":118,"column":56},"end":{"line":118,"column":85}},"line":118},"20":{"name":"(anonymous_20)","decl":{"start":{"line":119,"column":61},"end":{"line":119,"column":62}},"loc":{"start":{"line":119,"column":67},"end":{"line":119,"column":96}},"line":119},"21":{"name":"(anonymous_21)","decl":{"start":{"line":138,"column":26},"end":{"line":138,"column":27}},"loc":{"start":{"line":138,"column":40},"end":{"line":156,"column":2}},"line":138},"22":{"name":"(anonymous_22)","decl":{"start":{"line":138,"column":74},"end":{"line":138,"column":75}},"loc":{"start":{"line":138,"column":87},"end":{"line":156,"column":1}},"line":138}},"branchMap":{"0":{"loc":{"start":{"line":2,"column":16},"end":{"line":10,"column":1}},"type":"binary-expr","locations":[{"start":{"line":2,"column":17},"end":{"line":2,"column":21}},{"start":{"line":2,"column":25},"end":{"line":2,"column":39}},{"start":{"line":2,"column":44},"end":{"line":10,"column":1}}],"line":2},"1":{"loc":{"start":{"line":3,"column":35},"end":{"line":3,"column":109}},"type":"cond-expr","locations":[{"start":{"line":3,"column":56},"end":{"line":3,"column":61}},{"start":{"line":3,"column":64},"end":{"line":3,"column":109}}],"line":3},"2":{"loc":{"start":{"line":4,"column":16},"end":{"line":4,"column":34}},"type":"binary-expr","locations":[{"start":{"line":4,"column":16},"end":{"line":4,"column":17}},{"start":{"line":4,"column":22},"end":{"line":4,"column":33}}],"line":4},"3":{"loc":{"start":{"line":7,"column":32},"end":{"line":7,"column":115}},"type":"cond-expr","locations":[{"start":{"line":7,"column":46},"end":{"line":7,"column":67}},{"start":{"line":7,"column":70},"end":{"line":7,"column":115}}],"line":7},"4":{"loc":{"start":{"line":8,"column":51},"end":{"line":8,"column":67}},"type":"binary-expr","locations":[{"start":{"line":8,"column":51},"end":{"line":8,"column":61}},{"start":{"line":8,"column":65},"end":{"line":8,"column":67}}],"line":8},"5":{"loc":{"start":{"line":41,"column":19},"end":{"line":41,"column":77}},"type":"cond-expr","locations":[{"start":{"line":41,"column":63},"end":{"line":41,"column":69}},{"start":{"line":41,"column":72},"end":{"line":41,"column":77}}],"line":41},"6":{"loc":{"start":{"line":41,"column":19},"end":{"line":41,"column":60}},"type":"binary-expr","locations":[{"start":{"line":41,"column":19},"end":{"line":41,"column":43}},{"start":{"line":41,"column":47},"end":{"line":41,"column":60}}],"line":41},"7":{"loc":{"start":{"line":72,"column":19},"end":{"line":72,"column":77}},"type":"cond-expr","locations":[{"start":{"line":72,"column":63},"end":{"line":72,"column":69}},{"start":{"line":72,"column":72},"end":{"line":72,"column":77}}],"line":72},"8":{"loc":{"start":{"line":72,"column":19},"end":{"line":72,"column":60}},"type":"binary-expr","locations":[{"start":{"line":72,"column":19},"end":{"line":72,"column":43}},{"start":{"line":72,"column":47},"end":{"line":72,"column":60}}],"line":72},"9":{"loc":{"start":{"line":82,"column":23},"end":{"line":82,"column":111}},"type":"binary-expr","locations":[{"start":{"line":82,"column":24},"end":{"line":82,"column":105}},{"start":{"line":82,"column":110},"end":{"line":82,"column":111}}],"line":82},"10":{"loc":{"start":{"line":82,"column":24},"end":{"line":82,"column":105}},"type":"cond-expr","locations":[{"start":{"line":82,"column":77},"end":{"line":82,"column":83}},{"start":{"line":82,"column":86},"end":{"line":82,"column":105}}],"line":82},"11":{"loc":{"start":{"line":82,"column":24},"end":{"line":82,"column":74}},"type":"binary-expr","locations":[{"start":{"line":82,"column":24},"end":{"line":82,"column":46}},{"start":{"line":82,"column":50},"end":{"line":82,"column":74}}],"line":82},"12":{"loc":{"start":{"line":86,"column":23},"end":{"line":86,"column":108}},"type":"binary-expr","locations":[{"start":{"line":86,"column":24},"end":{"line":86,"column":102}},{"start":{"line":86,"column":107},"end":{"line":86,"column":108}}],"line":86},"13":{"loc":{"start":{"line":86,"column":24},"end":{"line":86,"column":102}},"type":"cond-expr","locations":[{"start":{"line":86,"column":75},"end":{"line":86,"column":81}},{"start":{"line":86,"column":84},"end":{"line":86,"column":102}}],"line":86},"14":{"loc":{"start":{"line":86,"column":24},"end":{"line":86,"column":72}},"type":"binary-expr","locations":[{"start":{"line":86,"column":24},"end":{"line":86,"column":45}},{"start":{"line":86,"column":49},"end":{"line":86,"column":72}}],"line":86},"15":{"loc":{"start":{"line":90,"column":23},"end":{"line":90,"column":126}},"type":"binary-expr","locations":[{"start":{"line":90,"column":24},"end":{"line":90,"column":120}},{"start":{"line":90,"column":125},"end":{"line":90,"column":126}}],"line":90},"16":{"loc":{"start":{"line":90,"column":24},"end":{"line":90,"column":120}},"type":"cond-expr","locations":[{"start":{"line":90,"column":87},"end":{"line":90,"column":93}},{"start":{"line":90,"column":96},"end":{"line":90,"column":120}}],"line":90},"17":{"loc":{"start":{"line":90,"column":24},"end":{"line":90,"column":84}},"type":"binary-expr","locations":[{"start":{"line":90,"column":24},"end":{"line":90,"column":51}},{"start":{"line":90,"column":55},"end":{"line":90,"column":84}}],"line":90},"18":{"loc":{"start":{"line":94,"column":23},"end":{"line":94,"column":114}},"type":"binary-expr","locations":[{"start":{"line":94,"column":24},"end":{"line":94,"column":108}},{"start":{"line":94,"column":113},"end":{"line":94,"column":114}}],"line":94},"19":{"loc":{"start":{"line":94,"column":24},"end":{"line":94,"column":108}},"type":"cond-expr","locations":[{"start":{"line":94,"column":79},"end":{"line":94,"column":85}},{"start":{"line":94,"column":88},"end":{"line":94,"column":108}}],"line":94},"20":{"loc":{"start":{"line":94,"column":24},"end":{"line":94,"column":76}},"type":"binary-expr","locations":[{"start":{"line":94,"column":24},"end":{"line":94,"column":47}},{"start":{"line":94,"column":51},"end":{"line":94,"column":76}}],"line":94},"21":{"loc":{"start":{"line":111,"column":19},"end":{"line":111,"column":77}},"type":"cond-expr","locations":[{"start":{"line":111,"column":63},"end":{"line":111,"column":69}},{"start":{"line":111,"column":72},"end":{"line":111,"column":77}}],"line":111},"22":{"loc":{"start":{"line":111,"column":19},"end":{"line":111,"column":60}},"type":"binary-expr","locations":[{"start":{"line":111,"column":19},"end":{"line":111,"column":43}},{"start":{"line":111,"column":47},"end":{"line":111,"column":60}}],"line":111},"23":{"loc":{"start":{"line":140,"column":19},"end":{"line":140,"column":77}},"type":"cond-expr","locations":[{"start":{"line":140,"column":63},"end":{"line":140,"column":69}},{"start":{"line":140,"column":72},"end":{"line":140,"column":77}}],"line":140},"24":{"loc":{"start":{"line":140,"column":19},"end":{"line":140,"column":60}},"type":"binary-expr","locations":[{"start":{"line":140,"column":19},"end":{"line":140,"column":43}},{"start":{"line":140,"column":47},"end":{"line":140,"column":60}}],"line":140}},"s":{"0":1,"1":0,"2":0,"3":0,"4":0,"5":0,"6":0,"7":0,"8":0,"9":0,"10":0,"11":0,"12":1,"13":1,"14":1,"15":1,"16":0,"17":0,"18":0,"19":0,"20":0,"21":0,"22":1,"23":1,"24":0,"25":0,"26":0,"27":0,"28":0,"29":0,"30":0,"31":0,"32":0,"33":0,"34":0,"35":0,"36":1,"37":1,"38":0,"39":0,"40":0,"41":0,"42":0,"43":0,"44":0,"45":0,"46":0,"47":0,"48":0,"49":1,"50":1,"51":0,"52":0,"53":0,"54":0,"55":0,"56":0,"57":0,"58":0,"59":0,"60":0,"61":0,"62":0,"63":0,"64":0,"65":1,"66":1,"67":0,"68":0,"69":0,"70":0,"71":0,"72":0,"73":0,"74":1},"f":{"0":0,"1":0,"2":0,"3":0,"4":0,"5":0,"6":0,"7":0,"8":0,"9":0,"10":0,"11":0,"12":0,"13":0,"14":0,"15":0,"16":0,"17":0,"18":0,"19":0,"20":0,"21":0,"22":0},"b":{"0":[1,1,1],"1":[0,0],"2":[0,0],"3":[0,0],"4":[0,0],"5":[0,0],"6":[0,0],"7":[0,0],"8":[0,0],"9":[0,0],"10":[0,0],"11":[0,0],"12":[0,0],"13":[0,0],"14":[0,0],"15":[0,0],"16":[0,0],"17":[0,0],"18":[0,0],"19":[0,0],"20":[0,0],"21":[0,0],"22":[0,0],"23":[0,0],"24":[0,0]},"inputSourceMap":null,"_coverageSchema":"1a1c01bbd47fc00a2c39e90264f33305004495a9","hash":"aa2618bbb31a77b173a35d76126f84c5d0f82687"}
,"C:\\Users\\anasr\\Downloads\\KickMates-New\\server\\dist\\controllers\\discussionController.js": {"path":"C:\\Users\\anasr\\Downloads\\KickMates-New\\server\\dist\\controllers\\discussionController.js","statementMap":{"0":{"start":{"line":2,"column":16},"end":{"line":10,"column":1}},"1":{"start":{"line":3,"column":28},"end":{"line":3,"column":110}},"2":{"start":{"line":3,"column":91},"end":{"line":3,"column":106}},"3":{"start":{"line":4,"column":4},"end":{"line":9,"column":7}},"4":{"start":{"line":5,"column":36},"end":{"line":5,"column":97}},"5":{"start":{"line":5,"column":42},"end":{"line":5,"column":70}},"6":{"start":{"line":5,"column":85},"end":{"line":5,"column":95}},"7":{"start":{"line":6,"column":35},"end":{"line":6,"column":100}},"8":{"start":{"line":6,"column":41},"end":{"line":6,"column":73}},"9":{"start":{"line":6,"column":88},"end":{"line":6,"column":98}},"10":{"start":{"line":7,"column":32},"end":{"line":7,"column":116}},"11":{"start":{"line":8,"column":8},"end":{"line":8,"column":78}},"12":{"start":{"line":11,"column":22},"end":{"line":13,"column":1}},"13":{"start":{"line":12,"column":4},"end":{"line":12,"column":62}},"14":{"start":{"line":14,"column":0},"end":{"line":14,"column":62}},"15":{"start":{"line":15,"column":0},"end":{"line":15,"column":265}},"16":{"start":{"line":16,"column":13},"end":{"line":16,"column":29}},"17":{"start":{"line":17,"column":13},"end":{"line":17,"column":43}},"18":{"start":{"line":18,"column":15},"end":{"line":18,"column":47}},"19":{"start":{"line":20,"column":23},"end":{"line":76,"column":2}},"20":{"start":{"line":20,"column":37},"end":{"line":76,"column":2}},"21":{"start":{"line":21,"column":4},"end":{"line":75,"column":5}},"22":{"start":{"line":22,"column":65},"end":{"line":22,"column":74}},"23":{"start":{"line":23,"column":23},"end":{"line":23,"column":72}},"24":{"start":{"line":25,"column":25},"end":{"line":25,"column":27}},"25":{"start":{"line":26,"column":28},"end":{"line":26,"column":30}},"26":{"start":{"line":27,"column":8},"end":{"line":30,"column":9}},"27":{"start":{"line":28,"column":12},"end":{"line":28,"column":48}},"28":{"start":{"line":29,"column":12},"end":{"line":29,"column":39}},"29":{"start":{"line":31,"column":8},"end":{"line":34,"column":9}},"30":{"start":{"line":32,"column":12},"end":{"line":32,"column":70}},"31":{"start":{"line":33,"column":12},"end":{"line":33,"column":59}},"32":{"start":{"line":36,"column":24},"end":{"line":36,"column":26}},"33":{"start":{"line":37,"column":8},"end":{"line":46,"column":9}},"34":{"start":{"line":38,"column":12},"end":{"line":38,"column":85}},"35":{"start":{"line":40,"column":13},"end":{"line":46,"column":9}},"36":{"start":{"line":41,"column":12},"end":{"line":41,"column":73}},"37":{"start":{"line":45,"column":12},"end":{"line":45,"column":53}},"38":{"start":{"line":48,"column":28},"end":{"line":59,"column":71}},"39":{"start":{"line":61,"column":28},"end":{"line":61,"column":141}},"40":{"start":{"line":62,"column":8},"end":{"line":70,"column":11}},"41":{"start":{"line":73,"column":8},"end":{"line":73,"column":55}},"42":{"start":{"line":74,"column":8},"end":{"line":74,"column":79}},"43":{"start":{"line":77,"column":0},"end":{"line":77,"column":40}},"44":{"start":{"line":79,"column":26},"end":{"line":121,"column":2}},"45":{"start":{"line":79,"column":40},"end":{"line":121,"column":2}},"46":{"start":{"line":81,"column":4},"end":{"line":120,"column":5}},"47":{"start":{"line":82,"column":23},"end":{"line":82,"column":33}},"48":{"start":{"line":83,"column":23},"end":{"line":83,"column":81}},"49":{"start":{"line":85,"column":27},"end":{"line":92,"column":28}},"50":{"start":{"line":93,"column":8},"end":{"line":96,"column":9}},"51":{"start":{"line":94,"column":12},"end":{"line":94,"column":70}},"52":{"start":{"line":95,"column":12},"end":{"line":95,"column":19}},"53":{"start":{"line":98,"column":23},"end":{"line":98,"column":27}},"54":{"start":{"line":99,"column":8},"end":{"line":102,"column":9}},"55":{"start":{"line":100,"column":25},"end":{"line":100,"column":145}},"56":{"start":{"line":101,"column":12},"end":{"line":101,"column":52}},"57":{"start":{"line":104,"column":25},"end":{"line":111,"column":56}},"58":{"start":{"line":112,"column":8},"end":{"line":115,"column":11}},"59":{"start":{"line":118,"column":8},"end":{"line":118,"column":60}},"60":{"start":{"line":119,"column":8},"end":{"line":119,"column":78}},"61":{"start":{"line":122,"column":0},"end":{"line":122,"column":46}},"62":{"start":{"line":124,"column":25},"end":{"line":154,"column":2}},"63":{"start":{"line":124,"column":39},"end":{"line":154,"column":2}},"64":{"start":{"line":125,"column":4},"end":{"line":153,"column":5}},"65":{"start":{"line":126,"column":56},"end":{"line":126,"column":64}},"66":{"start":{"line":127,"column":23},"end":{"line":127,"column":34}},"67":{"start":{"line":129,"column":8},"end":{"line":132,"column":9}},"68":{"start":{"line":130,"column":12},"end":{"line":130,"column":90}},"69":{"start":{"line":131,"column":12},"end":{"line":131,"column":19}},"70":{"start":{"line":134,"column":23},"end":{"line":136,"column":93}},"71":{"start":{"line":138,"column":27},"end":{"line":144,"column":39}},"72":{"start":{"line":145,"column":8},"end":{"line":148,"column":11}},"73":{"start":{"line":151,"column":8},"end":{"line":151,"column":57}},"74":{"start":{"line":152,"column":8},"end":{"line":152,"column":78}},"75":{"start":{"line":155,"column":0},"end":{"line":155,"column":44}},"76":{"start":{"line":157,"column":25},"end":{"line":206,"column":2}},"77":{"start":{"line":157,"column":39},"end":{"line":206,"column":2}},"78":{"start":{"line":158,"column":4},"end":{"line":205,"column":5}},"79":{"start":{"line":159,"column":23},"end":{"line":159,"column":33}},"80":{"start":{"line":160,"column":45},"end":{"line":160,"column":53}},"81":{"start":{"line":161,"column":23},"end":{"line":161,"column":34}},"82":{"start":{"line":163,"column":27},"end":{"line":163,"column":112}},"83":{"start":{"line":164,"column":8},"end":{"line":167,"column":9}},"84":{"start":{"line":165,"column":12},"end":{"line":165,"column":70}},"85":{"start":{"line":166,"column":12},"end":{"line":166,"column":19}},"86":{"start":{"line":169,"column":8},"end":{"line":172,"column":9}},"87":{"start":{"line":170,"column":12},"end":{"line":170,"column":90}},"88":{"start":{"line":171,"column":12},"end":{"line":171,"column":19}},"89":{"start":{"line":174,"column":24},"end":{"line":174,"column":26}},"90":{"start":{"line":175,"column":8},"end":{"line":176,"column":34}},"91":{"start":{"line":176,"column":12},"end":{"line":176,"column":34}},"92":{"start":{"line":177,"column":8},"end":{"line":178,"column":38}},"93":{"start":{"line":178,"column":12},"end":{"line":178,"column":38}},"94":{"start":{"line":179,"column":8},"end":{"line":180,"column":40}},"95":{"start":{"line":180,"column":12},"end":{"line":180,"column":40}},"96":{"start":{"line":181,"column":8},"end":{"line":184,"column":9}},"97":{"start":{"line":182,"column":12},"end":{"line":182,"column":69}},"98":{"start":{"line":183,"column":12},"end":{"line":183,"column":19}},"99":{"start":{"line":186,"column":30},"end":{"line":186,"column":86}},"100":{"start":{"line":186,"column":62},"end":{"line":186,"column":74}},"101":{"start":{"line":187,"column":28},"end":{"line":187,"column":59}},"102":{"start":{"line":188,"column":8},"end":{"line":188,"column":134}},"103":{"start":{"line":190,"column":34},"end":{"line":196,"column":28}},"104":{"start":{"line":197,"column":8},"end":{"line":200,"column":11}},"105":{"start":{"line":203,"column":8},"end":{"line":203,"column":57}},"106":{"start":{"line":204,"column":8},"end":{"line":204,"column":78}},"107":{"start":{"line":207,"column":0},"end":{"line":207,"column":44}},"108":{"start":{"line":209,"column":25},"end":{"line":256,"column":2}},"109":{"start":{"line":209,"column":39},"end":{"line":256,"column":2}},"110":{"start":{"line":210,"column":4},"end":{"line":255,"column":5}},"111":{"start":{"line":211,"column":23},"end":{"line":211,"column":33}},"112":{"start":{"line":212,"column":23},"end":{"line":212,"column":34}},"113":{"start":{"line":214,"column":27},"end":{"line":214,"column":123}},"114":{"start":{"line":215,"column":8},"end":{"line":218,"column":9}},"115":{"start":{"line":216,"column":12},"end":{"line":216,"column":70}},"116":{"start":{"line":217,"column":12},"end":{"line":217,"column":19}},"117":{"start":{"line":220,"column":8},"end":{"line":223,"column":9}},"118":{"start":{"line":221,"column":12},"end":{"line":221,"column":90}},"119":{"start":{"line":222,"column":12},"end":{"line":222,"column":19}},"120":{"start":{"line":225,"column":8},"end":{"line":225,"column":54}},"121":{"start":{"line":226,"column":8},"end":{"line":250,"column":9}},"122":{"start":{"line":228,"column":12},"end":{"line":228,"column":142}},"123":{"start":{"line":230,"column":12},"end":{"line":230,"column":91}},"124":{"start":{"line":232,"column":12},"end":{"line":232,"column":99}},"125":{"start":{"line":234,"column":12},"end":{"line":234,"column":83}},"126":{"start":{"line":236,"column":12},"end":{"line":241,"column":13}},"127":{"start":{"line":237,"column":34},"end":{"line":237,"column":134}},"128":{"start":{"line":238,"column":16},"end":{"line":240,"column":17}},"129":{"start":{"line":239,"column":20},"end":{"line":239,"column":55}},"130":{"start":{"line":243,"column":12},"end":{"line":243,"column":47}},"131":{"start":{"line":244,"column":12},"end":{"line":244,"column":81}},"132":{"start":{"line":248,"column":12},"end":{"line":248,"column":49}},"133":{"start":{"line":249,"column":12},"end":{"line":249,"column":24}},"134":{"start":{"line":253,"column":8},"end":{"line":253,"column":57}},"135":{"start":{"line":254,"column":8},"end":{"line":254,"column":78}},"136":{"start":{"line":257,"column":0},"end":{"line":257,"column":44}},"137":{"start":{"line":259,"column":19},"end":{"line":301,"column":2}},"138":{"start":{"line":259,"column":33},"end":{"line":301,"column":2}},"139":{"start":{"line":260,"column":4},"end":{"line":300,"column":5}},"140":{"start":{"line":261,"column":23},"end":{"line":261,"column":33}},"141":{"start":{"line":262,"column":45},"end":{"line":262,"column":53}},"142":{"start":{"line":263,"column":23},"end":{"line":263,"column":34}},"143":{"start":{"line":265,"column":8},"end":{"line":268,"column":9}},"144":{"start":{"line":266,"column":12},"end":{"line":266,"column":77}},"145":{"start":{"line":267,"column":12},"end":{"line":267,"column":19}},"146":{"start":{"line":270,"column":27},"end":{"line":270,"column":100}},"147":{"start":{"line":271,"column":8},"end":{"line":274,"column":9}},"148":{"start":{"line":272,"column":12},"end":{"line":272,"column":70}},"149":{"start":{"line":273,"column":12},"end":{"line":273,"column":19}},"150":{"start":{"line":276,"column":8},"end":{"line":282,"column":9}},"151":{"start":{"line":277,"column":34},"end":{"line":277,"column":143}},"152":{"start":{"line":278,"column":12},"end":{"line":281,"column":13}},"153":{"start":{"line":279,"column":16},"end":{"line":279,"column":78}},"154":{"start":{"line":280,"column":16},"end":{"line":280,"column":23}},"155":{"start":{"line":284,"column":23},"end":{"line":284,"column":192}},"156":{"start":{"line":286,"column":24},"end":{"line":291,"column":40}},"157":{"start":{"line":292,"column":8},"end":{"line":295,"column":11}},"158":{"start":{"line":298,"column":8},"end":{"line":298,"column":51}},"159":{"start":{"line":299,"column":8},"end":{"line":299,"column":73}},"160":{"start":{"line":302,"column":0},"end":{"line":302,"column":32}},"161":{"start":{"line":304,"column":22},"end":{"line":358,"column":2}},"162":{"start":{"line":304,"column":36},"end":{"line":358,"column":2}},"163":{"start":{"line":305,"column":4},"end":{"line":357,"column":5}},"164":{"start":{"line":306,"column":34},"end":{"line":306,"column":44}},"165":{"start":{"line":307,"column":23},"end":{"line":307,"column":34}},"166":{"start":{"line":309,"column":24},"end":{"line":312,"column":64}},"167":{"start":{"line":313,"column":8},"end":{"line":316,"column":9}},"168":{"start":{"line":314,"column":12},"end":{"line":314,"column":67}},"169":{"start":{"line":315,"column":12},"end":{"line":315,"column":19}},"170":{"start":{"line":318,"column":8},"end":{"line":321,"column":9}},"171":{"start":{"line":319,"column":12},"end":{"line":319,"column":87}},"172":{"start":{"line":320,"column":12},"end":{"line":320,"column":19}},"173":{"start":{"line":323,"column":8},"end":{"line":323,"column":54}},"174":{"start":{"line":324,"column":8},"end":{"line":352,"column":9}},"175":{"start":{"line":326,"column":34},"end":{"line":337,"column":14}},"176":{"start":{"line":326,"column":55},"end":{"line":337,"column":14}},"177":{"start":{"line":328,"column":32},"end":{"line":328,"column":130}},"178":{"start":{"line":330,"column":16},"end":{"line":332,"column":17}},"179":{"start":{"line":331,"column":20},"end":{"line":331,"column":61}},"180":{"start":{"line":334,"column":16},"end":{"line":334,"column":163}},"181":{"start":{"line":336,"column":16},"end":{"line":336,"column":112}},"182":{"start":{"line":339,"column":12},"end":{"line":339,"column":43}},"183":{"start":{"line":341,"column":12},"end":{"line":341,"column":100}},"184":{"start":{"line":343,"column":12},"end":{"line":343,"column":87}},"185":{"start":{"line":345,"column":12},"end":{"line":345,"column":47}},"186":{"start":{"line":346,"column":12},"end":{"line":346,"column":65}},"187":{"start":{"line":350,"column":12},"end":{"line":350,"column":49}},"188":{"start":{"line":351,"column":12},"end":{"line":351,"column":24}},"189":{"start":{"line":355,"column":8},"end":{"line":355,"column":54}},"190":{"start":{"line":356,"column":8},"end":{"line":356,"column":75}},"191":{"start":{"line":359,"column":0},"end":{"line":359,"column":38}},"192":{"start":{"line":361,"column":20},"end":{"line":445,"column":2}},"193":{"start":{"line":361,"column":34},"end":{"line":445,"column":2}},"194":{"start":{"line":362,"column":4},"end":{"line":444,"column":5}},"195":{"start":{"line":363,"column":34},"end":{"line":363,"column":44}},"196":{"start":{"line":364,"column":23},"end":{"line":364,"column":34}},"197":{"start":{"line":365,"column":29},"end":{"line":365,"column":37}},"198":{"start":{"line":366,"column":8},"end":{"line":369,"column":9}},"199":{"start":{"line":367,"column":12},"end":{"line":367,"column":82}},"200":{"start":{"line":368,"column":12},"end":{"line":368,"column":19}},"201":{"start":{"line":371,"column":24},"end":{"line":371,"column":151}},"202":{"start":{"line":372,"column":8},"end":{"line":375,"column":9}},"203":{"start":{"line":373,"column":12},"end":{"line":373,"column":67}},"204":{"start":{"line":374,"column":12},"end":{"line":374,"column":19}},"205":{"start":{"line":377,"column":29},"end":{"line":377,"column":150}},"206":{"start":{"line":379,"column":8},"end":{"line":379,"column":54}},"207":{"start":{"line":380,"column":8},"end":{"line":439,"column":9}},"208":{"start":{"line":381,"column":30},"end":{"line":381,"column":47}},"209":{"start":{"line":382,"column":32},"end":{"line":382,"column":51}},"210":{"start":{"line":383,"column":12},"end":{"line":420,"column":13}},"211":{"start":{"line":385,"column":16},"end":{"line":408,"column":17}},"212":{"start":{"line":387,"column":20},"end":{"line":387,"column":155}},"213":{"start":{"line":389,"column":20},"end":{"line":396,"column":21}},"214":{"start":{"line":390,"column":24},"end":{"line":390,"column":41}},"215":{"start":{"line":391,"column":24},"end":{"line":391,"column":43}},"216":{"start":{"line":394,"column":24},"end":{"line":394,"column":41}},"217":{"start":{"line":395,"column":24},"end":{"line":395,"column":43}},"218":{"start":{"line":400,"column":20},"end":{"line":400,"column":132}},"219":{"start":{"line":402,"column":20},"end":{"line":407,"column":21}},"220":{"start":{"line":403,"column":24},"end":{"line":403,"column":41}},"221":{"start":{"line":406,"column":24},"end":{"line":406,"column":43}},"222":{"start":{"line":412,"column":16},"end":{"line":412,"column":151}},"223":{"start":{"line":414,"column":16},"end":{"line":419,"column":17}},"224":{"start":{"line":415,"column":20},"end":{"line":415,"column":37}},"225":{"start":{"line":418,"column":20},"end":{"line":418,"column":39}},"226":{"start":{"line":422,"column":12},"end":{"line":422,"column":145}},"227":{"start":{"line":424,"column":12},"end":{"line":424,"column":47}},"228":{"start":{"line":426,"column":12},"end":{"line":433,"column":15}},"229":{"start":{"line":437,"column":12},"end":{"line":437,"column":49}},"230":{"start":{"line":438,"column":12},"end":{"line":438,"column":24}},"231":{"start":{"line":442,"column":8},"end":{"line":442,"column":52}},"232":{"start":{"line":443,"column":8},"end":{"line":443,"column":76}},"233":{"start":{"line":446,"column":0},"end":{"line":446,"column":34}},"234":{"start":{"line":448,"column":23},"end":{"line":532,"column":2}},"235":{"start":{"line":448,"column":37},"end":{"line":532,"column":2}},"236":{"start":{"line":449,"column":4},"end":{"line":531,"column":5}},"237":{"start":{"line":450,"column":23},"end":{"line":450,"column":33}},"238":{"start":{"line":451,"column":23},"end":{"line":451,"column":34}},"239":{"start":{"line":452,"column":29},"end":{"line":452,"column":37}},"240":{"start":{"line":453,"column":8},"end":{"line":456,"column":9}},"241":{"start":{"line":454,"column":12},"end":{"line":454,"column":82}},"242":{"start":{"line":455,"column":12},"end":{"line":455,"column":19}},"243":{"start":{"line":458,"column":27},"end":{"line":458,"column":122}},"244":{"start":{"line":459,"column":8},"end":{"line":462,"column":9}},"245":{"start":{"line":460,"column":12},"end":{"line":460,"column":70}},"246":{"start":{"line":461,"column":12},"end":{"line":461,"column":19}},"247":{"start":{"line":464,"column":29},"end":{"line":464,"column":149}},"248":{"start":{"line":466,"column":8},"end":{"line":466,"column":54}},"249":{"start":{"line":467,"column":8},"end":{"line":526,"column":9}},"250":{"start":{"line":468,"column":29},"end":{"line":468,"column":48}},"251":{"start":{"line":469,"column":31},"end":{"line":469,"column":52}},"252":{"start":{"line":470,"column":12},"end":{"line":507,"column":13}},"253":{"start":{"line":472,"column":16},"end":{"line":495,"column":17}},"254":{"start":{"line":474,"column":20},"end":{"line":474,"column":154}},"255":{"start":{"line":476,"column":20},"end":{"line":483,"column":21}},"256":{"start":{"line":477,"column":24},"end":{"line":477,"column":40}},"257":{"start":{"line":478,"column":24},"end":{"line":478,"column":42}},"258":{"start":{"line":481,"column":24},"end":{"line":481,"column":40}},"259":{"start":{"line":482,"column":24},"end":{"line":482,"column":42}},"260":{"start":{"line":487,"column":20},"end":{"line":487,"column":131}},"261":{"start":{"line":489,"column":20},"end":{"line":494,"column":21}},"262":{"start":{"line":490,"column":24},"end":{"line":490,"column":40}},"263":{"start":{"line":493,"column":24},"end":{"line":493,"column":42}},"264":{"start":{"line":499,"column":16},"end":{"line":499,"column":150}},"265":{"start":{"line":501,"column":16},"end":{"line":506,"column":17}},"266":{"start":{"line":502,"column":20},"end":{"line":502,"column":36}},"267":{"start":{"line":505,"column":20},"end":{"line":505,"column":38}},"268":{"start":{"line":509,"column":12},"end":{"line":509,"column":137}},"269":{"start":{"line":511,"column":12},"end":{"line":511,"column":47}},"270":{"start":{"line":513,"column":12},"end":{"line":520,"column":15}},"271":{"start":{"line":524,"column":12},"end":{"line":524,"column":49}},"272":{"start":{"line":525,"column":12},"end":{"line":525,"column":24}},"273":{"start":{"line":529,"column":8},"end":{"line":529,"column":55}},"274":{"start":{"line":530,"column":8},"end":{"line":530,"column":79}},"275":{"start":{"line":533,"column":0},"end":{"line":533,"column":40}},"276":{"start":{"line":535,"column":30},"end":{"line":578,"column":2}},"277":{"start":{"line":535,"column":44},"end":{"line":578,"column":2}},"278":{"start":{"line":536,"column":4},"end":{"line":577,"column":5}},"279":{"start":{"line":537,"column":23},"end":{"line":537,"column":33}},"280":{"start":{"line":538,"column":23},"end":{"line":538,"column":34}},"281":{"start":{"line":539,"column":8},"end":{"line":542,"column":9}},"282":{"start":{"line":540,"column":12},"end":{"line":540,"column":67}},"283":{"start":{"line":541,"column":12},"end":{"line":541,"column":19}},"284":{"start":{"line":544,"column":27},"end":{"line":544,"column":123}},"285":{"start":{"line":545,"column":8},"end":{"line":548,"column":9}},"286":{"start":{"line":546,"column":12},"end":{"line":546,"column":70}},"287":{"start":{"line":547,"column":12},"end":{"line":547,"column":19}},"288":{"start":{"line":549,"column":8},"end":{"line":554,"column":9}},"289":{"start":{"line":550,"column":12},"end":{"line":550,"column":90}},"290":{"start":{"line":552,"column":12},"end":{"line":552,"column":51}},"291":{"start":{"line":553,"column":12},"end":{"line":553,"column":19}},"292":{"start":{"line":556,"column":8},"end":{"line":561,"column":9}},"293":{"start":{"line":557,"column":33},"end":{"line":557,"column":133}},"294":{"start":{"line":558,"column":12},"end":{"line":560,"column":13}},"295":{"start":{"line":559,"column":16},"end":{"line":559,"column":54}},"296":{"start":{"line":563,"column":25},"end":{"line":563,"column":56}},"297":{"start":{"line":564,"column":8},"end":{"line":564,"column":102}},"298":{"start":{"line":565,"column":8},"end":{"line":568,"column":11}},"299":{"start":{"line":572,"column":8},"end":{"line":574,"column":9}},"300":{"start":{"line":573,"column":12},"end":{"line":573,"column":51}},"301":{"start":{"line":575,"column":8},"end":{"line":575,"column":63}},"302":{"start":{"line":576,"column":8},"end":{"line":576,"column":74}},"303":{"start":{"line":579,"column":0},"end":{"line":579,"column":54}}},"fnMap":{"0":{"name":"(anonymous_0)","decl":{"start":{"line":2,"column":44},"end":{"line":2,"column":45}},"loc":{"start":{"line":2,"column":89},"end":{"line":10,"column":1}},"line":2},"1":{"name":"adopt","decl":{"start":{"line":3,"column":13},"end":{"line":3,"column":18}},"loc":{"start":{"line":3,"column":26},"end":{"line":3,"column":112}},"line":3},"2":{"name":"(anonymous_2)","decl":{"start":{"line":3,"column":70},"end":{"line":3,"column":71}},"loc":{"start":{"line":3,"column":89},"end":{"line":3,"column":108}},"line":3},"3":{"name":"(anonymous_3)","decl":{"start":{"line":4,"column":36},"end":{"line":4,"column":37}},"loc":{"start":{"line":4,"column":63},"end":{"line":9,"column":5}},"line":4},"4":{"name":"fulfilled","decl":{"start":{"line":5,"column":17},"end":{"line":5,"column":26}},"loc":{"start":{"line":5,"column":34},"end":{"line":5,"column":99}},"line":5},"5":{"name":"rejected","decl":{"start":{"line":6,"column":17},"end":{"line":6,"column":25}},"loc":{"start":{"line":6,"column":33},"end":{"line":6,"column":102}},"line":6},"6":{"name":"step","decl":{"start":{"line":7,"column":17},"end":{"line":7,"column":21}},"loc":{"start":{"line":7,"column":30},"end":{"line":7,"column":118}},"line":7},"7":{"name":"(anonymous_7)","decl":{"start":{"line":11,"column":56},"end":{"line":11,"column":57}},"loc":{"start":{"line":11,"column":71},"end":{"line":13,"column":1}},"line":11},"8":{"name":"(anonymous_8)","decl":{"start":{"line":20,"column":23},"end":{"line":20,"column":24}},"loc":{"start":{"line":20,"column":37},"end":{"line":76,"column":2}},"line":20},"9":{"name":"(anonymous_9)","decl":{"start":{"line":20,"column":71},"end":{"line":20,"column":72}},"loc":{"start":{"line":20,"column":84},"end":{"line":76,"column":1}},"line":20},"10":{"name":"(anonymous_10)","decl":{"start":{"line":79,"column":26},"end":{"line":79,"column":27}},"loc":{"start":{"line":79,"column":40},"end":{"line":121,"column":2}},"line":79},"11":{"name":"(anonymous_11)","decl":{"start":{"line":79,"column":74},"end":{"line":79,"column":75}},"loc":{"start":{"line":79,"column":87},"end":{"line":121,"column":1}},"line":79},"12":{"name":"(anonymous_12)","decl":{"start":{"line":124,"column":25},"end":{"line":124,"column":26}},"loc":{"start":{"line":124,"column":39},"end":{"line":154,"column":2}},"line":124},"13":{"name":"(anonymous_13)","decl":{"start":{"line":124,"column":73},"end":{"line":124,"column":74}},"loc":{"start":{"line":124,"column":86},"end":{"line":154,"column":1}},"line":124},"14":{"name":"(anonymous_14)","decl":{"start":{"line":157,"column":25},"end":{"line":157,"column":26}},"loc":{"start":{"line":157,"column":39},"end":{"line":206,"column":2}},"line":157},"15":{"name":"(anonymous_15)","decl":{"start":{"line":157,"column":73},"end":{"line":157,"column":74}},"loc":{"start":{"line":157,"column":86},"end":{"line":206,"column":1}},"line":157},"16":{"name":"(anonymous_16)","decl":{"start":{"line":186,"column":55},"end":{"line":186,"column":56}},"loc":{"start":{"line":186,"column":62},"end":{"line":186,"column":74}},"line":186},"17":{"name":"(anonymous_17)","decl":{"start":{"line":209,"column":25},"end":{"line":209,"column":26}},"loc":{"start":{"line":209,"column":39},"end":{"line":256,"column":2}},"line":209},"18":{"name":"(anonymous_18)","decl":{"start":{"line":209,"column":73},"end":{"line":209,"column":74}},"loc":{"start":{"line":209,"column":86},"end":{"line":256,"column":1}},"line":209},"19":{"name":"(anonymous_19)","decl":{"start":{"line":259,"column":19},"end":{"line":259,"column":20}},"loc":{"start":{"line":259,"column":33},"end":{"line":301,"column":2}},"line":259},"20":{"name":"(anonymous_20)","decl":{"start":{"line":259,"column":67},"end":{"line":259,"column":68}},"loc":{"start":{"line":259,"column":80},"end":{"line":301,"column":1}},"line":259},"21":{"name":"(anonymous_21)","decl":{"start":{"line":304,"column":22},"end":{"line":304,"column":23}},"loc":{"start":{"line":304,"column":36},"end":{"line":358,"column":2}},"line":304},"22":{"name":"(anonymous_22)","decl":{"start":{"line":304,"column":70},"end":{"line":304,"column":71}},"loc":{"start":{"line":304,"column":83},"end":{"line":358,"column":1}},"line":304},"23":{"name":"(anonymous_23)","decl":{"start":{"line":326,"column":34},"end":{"line":326,"column":35}},"loc":{"start":{"line":326,"column":55},"end":{"line":337,"column":14}},"line":326},"24":{"name":"(anonymous_24)","decl":{"start":{"line":326,"column":89},"end":{"line":326,"column":90}},"loc":{"start":{"line":326,"column":102},"end":{"line":337,"column":13}},"line":326},"25":{"name":"(anonymous_25)","decl":{"start":{"line":361,"column":20},"end":{"line":361,"column":21}},"loc":{"start":{"line":361,"column":34},"end":{"line":445,"column":2}},"line":361},"26":{"name":"(anonymous_26)","decl":{"start":{"line":361,"column":68},"end":{"line":361,"column":69}},"loc":{"start":{"line":361,"column":81},"end":{"line":445,"column":1}},"line":361},"27":{"name":"(anonymous_27)","decl":{"start":{"line":448,"column":23},"end":{"line":448,"column":24}},"loc":{"start":{"line":448,"column":37},"end":{"line":532,"column":2}},"line":448},"28":{"name":"(anonymous_28)","decl":{"start":{"line":448,"column":71},"end":{"line":448,"column":72}},"loc":{"start":{"line":448,"column":84},"end":{"line":532,"column":1}},"line":448},"29":{"name":"(anonymous_29)","decl":{"start":{"line":535,"column":30},"end":{"line":535,"column":31}},"loc":{"start":{"line":535,"column":44},"end":{"line":578,"column":2}},"line":535},"30":{"name":"(anonymous_30)","decl":{"start":{"line":535,"column":78},"end":{"line":535,"column":79}},"loc":{"start":{"line":535,"column":91},"end":{"line":578,"column":1}},"line":535}},"branchMap":{"0":{"loc":{"start":{"line":2,"column":16},"end":{"line":10,"column":1}},"type":"binary-expr","locations":[{"start":{"line":2,"column":17},"end":{"line":2,"column":21}},{"start":{"line":2,"column":25},"end":{"line":2,"column":39}},{"start":{"line":2,"column":44},"end":{"line":10,"column":1}}],"line":2},"1":{"loc":{"start":{"line":3,"column":35},"end":{"line":3,"column":109}},"type":"cond-expr","locations":[{"start":{"line":3,"column":56},"end":{"line":3,"column":61}},{"start":{"line":3,"column":64},"end":{"line":3,"column":109}}],"line":3},"2":{"loc":{"start":{"line":4,"column":16},"end":{"line":4,"column":34}},"type":"binary-expr","locations":[{"start":{"line":4,"column":16},"end":{"line":4,"column":17}},{"start":{"line":4,"column":22},"end":{"line":4,"column":33}}],"line":4},"3":{"loc":{"start":{"line":7,"column":32},"end":{"line":7,"column":115}},"type":"cond-expr","locations":[{"start":{"line":7,"column":46},"end":{"line":7,"column":67}},{"start":{"line":7,"column":70},"end":{"line":7,"column":115}}],"line":7},"4":{"loc":{"start":{"line":8,"column":51},"end":{"line":8,"column":67}},"type":"binary-expr","locations":[{"start":{"line":8,"column":51},"end":{"line":8,"column":61}},{"start":{"line":8,"column":65},"end":{"line":8,"column":67}}],"line":8},"5":{"loc":{"start":{"line":11,"column":22},"end":{"line":13,"column":1}},"type":"binary-expr","locations":[{"start":{"line":11,"column":23},"end":{"line":11,"column":27}},{"start":{"line":11,"column":31},"end":{"line":11,"column":51}},{"start":{"line":11,"column":56},"end":{"line":13,"column":1}}],"line":11},"6":{"loc":{"start":{"line":12,"column":11},"end":{"line":12,"column":61}},"type":"cond-expr","locations":[{"start":{"line":12,"column":37},"end":{"line":12,"column":40}},{"start":{"line":12,"column":43},"end":{"line":12,"column":61}}],"line":12},"7":{"loc":{"start":{"line":12,"column":12},"end":{"line":12,"column":33}},"type":"binary-expr","locations":[{"start":{"line":12,"column":12},"end":{"line":12,"column":15}},{"start":{"line":12,"column":19},"end":{"line":12,"column":33}}],"line":12},"8":{"loc":{"start":{"line":22,"column":40},"end":{"line":22,"column":48}},"type":"default-arg","locations":[{"start":{"line":22,"column":47},"end":{"line":22,"column":48}}],"line":22},"9":{"loc":{"start":{"line":22,"column":50},"end":{"line":22,"column":60}},"type":"default-arg","locations":[{"start":{"line":22,"column":58},"end":{"line":22,"column":60}}],"line":22},"10":{"loc":{"start":{"line":23,"column":25},"end":{"line":23,"column":42}},"type":"binary-expr","locations":[{"start":{"line":23,"column":25},"end":{"line":23,"column":37}},{"start":{"line":23,"column":41},"end":{"line":23,"column":42}}],"line":23},"11":{"loc":{"start":{"line":23,"column":52},"end":{"line":23,"column":71}},"type":"binary-expr","locations":[{"start":{"line":23,"column":52},"end":{"line":23,"column":65}},{"start":{"line":23,"column":69},"end":{"line":23,"column":71}}],"line":23},"12":{"loc":{"start":{"line":27,"column":8},"end":{"line":30,"column":9}},"type":"if","locations":[{"start":{"line":27,"column":8},"end":{"line":30,"column":9}},{"start":{},"end":{}}],"line":27},"13":{"loc":{"start":{"line":31,"column":8},"end":{"line":34,"column":9}},"type":"if","locations":[{"start":{"line":31,"column":8},"end":{"line":34,"column":9}},{"start":{},"end":{}}],"line":31},"14":{"loc":{"start":{"line":37,"column":8},"end":{"line":46,"column":9}},"type":"if","locations":[{"start":{"line":37,"column":8},"end":{"line":46,"column":9}},{"start":{"line":40,"column":13},"end":{"line":46,"column":9}}],"line":37},"15":{"loc":{"start":{"line":40,"column":13},"end":{"line":46,"column":9}},"type":"if","locations":[{"start":{"line":40,"column":13},"end":{"line":46,"column":9}},{"start":{"line":43,"column":13},"end":{"line":46,"column":9}}],"line":40},"16":{"loc":{"start":{"line":59,"column":42},"end":{"line":59,"column":61}},"type":"binary-expr","locations":[{"start":{"line":59,"column":42},"end":{"line":59,"column":55}},{"start":{"line":59,"column":59},"end":{"line":59,"column":61}}],"line":59},"17":{"loc":{"start":{"line":66,"column":22},"end":{"line":66,"column":39}},"type":"binary-expr","locations":[{"start":{"line":66,"column":22},"end":{"line":66,"column":34}},{"start":{"line":66,"column":38},"end":{"line":66,"column":39}}],"line":66},"18":{"loc":{"start":{"line":67,"column":23},"end":{"line":67,"column":42}},"type":"binary-expr","locations":[{"start":{"line":67,"column":23},"end":{"line":67,"column":36}},{"start":{"line":67,"column":40},"end":{"line":67,"column":42}}],"line":67},"19":{"loc":{"start":{"line":68,"column":54},"end":{"line":68,"column":73}},"type":"binary-expr","locations":[{"start":{"line":68,"column":54},"end":{"line":68,"column":67}},{"start":{"line":68,"column":71},"end":{"line":68,"column":73}}],"line":68},"20":{"loc":{"start":{"line":83,"column":23},"end":{"line":83,"column":81}},"type":"cond-expr","locations":[{"start":{"line":83,"column":67},"end":{"line":83,"column":73}},{"start":{"line":83,"column":76},"end":{"line":83,"column":81}}],"line":83},"21":{"loc":{"start":{"line":83,"column":23},"end":{"line":83,"column":64}},"type":"binary-expr","locations":[{"start":{"line":83,"column":23},"end":{"line":83,"column":47}},{"start":{"line":83,"column":51},"end":{"line":83,"column":64}}],"line":83},"22":{"loc":{"start":{"line":93,"column":8},"end":{"line":96,"column":9}},"type":"if","locations":[{"start":{"line":93,"column":8},"end":{"line":96,"column":9}},{"start":{},"end":{}}],"line":93},"23":{"loc":{"start":{"line":99,"column":8},"end":{"line":102,"column":9}},"type":"if","locations":[{"start":{"line":99,"column":8},"end":{"line":102,"column":9}},{"start":{},"end":{}}],"line":99},"24":{"loc":{"start":{"line":101,"column":23},"end":{"line":101,"column":51}},"type":"cond-expr","locations":[{"start":{"line":101,"column":30},"end":{"line":101,"column":44}},{"start":{"line":101,"column":47},"end":{"line":101,"column":51}}],"line":101},"25":{"loc":{"start":{"line":111,"column":36},"end":{"line":111,"column":50}},"type":"binary-expr","locations":[{"start":{"line":111,"column":36},"end":{"line":111,"column":42}},{"start":{"line":111,"column":46},"end":{"line":111,"column":50}}],"line":111},"26":{"loc":{"start":{"line":129,"column":8},"end":{"line":132,"column":9}},"type":"if","locations":[{"start":{"line":129,"column":8},"end":{"line":132,"column":9}},{"start":{},"end":{}}],"line":129},"27":{"loc":{"start":{"line":129,"column":12},"end":{"line":129,"column":43}},"type":"binary-expr","locations":[{"start":{"line":129,"column":12},"end":{"line":129,"column":18}},{"start":{"line":129,"column":22},"end":{"line":129,"column":30}},{"start":{"line":129,"column":34},"end":{"line":129,"column":43}}],"line":129},"28":{"loc":{"start":{"line":136,"column":74},"end":{"line":136,"column":91}},"type":"binary-expr","locations":[{"start":{"line":136,"column":74},"end":{"line":136,"column":83}},{"start":{"line":136,"column":87},"end":{"line":136,"column":91}}],"line":136},"29":{"loc":{"start":{"line":164,"column":8},"end":{"line":167,"column":9}},"type":"if","locations":[{"start":{"line":164,"column":8},"end":{"line":167,"column":9}},{"start":{},"end":{}}],"line":164},"30":{"loc":{"start":{"line":169,"column":8},"end":{"line":172,"column":9}},"type":"if","locations":[{"start":{"line":169,"column":8},"end":{"line":172,"column":9}},{"start":{},"end":{}}],"line":169},"31":{"loc":{"start":{"line":175,"column":8},"end":{"line":176,"column":34}},"type":"if","locations":[{"start":{"line":175,"column":8},"end":{"line":176,"column":34}},{"start":{},"end":{}}],"line":175},"32":{"loc":{"start":{"line":177,"column":8},"end":{"line":178,"column":38}},"type":"if","locations":[{"start":{"line":177,"column":8},"end":{"line":178,"column":38}},{"start":{},"end":{}}],"line":177},"33":{"loc":{"start":{"line":179,"column":8},"end":{"line":180,"column":40}},"type":"if","locations":[{"start":{"line":179,"column":8},"end":{"line":180,"column":40}},{"start":{},"end":{}}],"line":179},"34":{"loc":{"start":{"line":181,"column":8},"end":{"line":184,"column":9}},"type":"if","locations":[{"start":{"line":181,"column":8},"end":{"line":184,"column":9}},{"start":{},"end":{}}],"line":181},"35":{"loc":{"start":{"line":215,"column":8},"end":{"line":218,"column":9}},"type":"if","locations":[{"start":{"line":215,"column":8},"end":{"line":218,"column":9}},{"start":{},"end":{}}],"line":215},"36":{"loc":{"start":{"line":220,"column":8},"end":{"line":223,"column":9}},"type":"if","locations":[{"start":{"line":220,"column":8},"end":{"line":223,"column":9}},{"start":{},"end":{}}],"line":220},"37":{"loc":{"start":{"line":236,"column":12},"end":{"line":241,"column":13}},"type":"if","locations":[{"start":{"line":236,"column":12},"end":{"line":241,"column":13}},{"start":{},"end":{}}],"line":236},"38":{"loc":{"start":{"line":238,"column":16},"end":{"line":240,"column":17}},"type":"if","locations":[{"start":{"line":238,"column":16},"end":{"line":240,"column":17}},{"start":{},"end":{}}],"line":238},"39":{"loc":{"start":{"line":265,"column":8},"end":{"line":268,"column":9}},"type":"if","locations":[{"start":{"line":265,"column":8},"end":{"line":268,"column":9}},{"start":{},"end":{}}],"line":265},"40":{"loc":{"start":{"line":271,"column":8},"end":{"line":274,"column":9}},"type":"if","locations":[{"start":{"line":271,"column":8},"end":{"line":274,"column":9}},{"start":{},"end":{}}],"line":271},"41":{"loc":{"start":{"line":276,"column":8},"end":{"line":282,"column":9}},"type":"if","locations":[{"start":{"line":276,"column":8},"end":{"line":282,"column":9}},{"start":{},"end":{}}],"line":276},"42":{"loc":{"start":{"line":278,"column":12},"end":{"line":281,"column":13}},"type":"if","locations":[{"start":{"line":278,"column":12},"end":{"line":281,"column":13}},{"start":{},"end":{}}],"line":278},"43":{"loc":{"start":{"line":284,"column":167},"end":{"line":284,"column":190}},"type":"binary-expr","locations":[{"start":{"line":284,"column":167},"end":{"line":284,"column":182}},{"start":{"line":284,"column":186},"end":{"line":284,"column":190}}],"line":284},"44":{"loc":{"start":{"line":313,"column":8},"end":{"line":316,"column":9}},"type":"if","locations":[{"start":{"line":313,"column":8},"end":{"line":316,"column":9}},{"start":{},"end":{}}],"line":313},"45":{"loc":{"start":{"line":318,"column":8},"end":{"line":321,"column":9}},"type":"if","locations":[{"start":{"line":318,"column":8},"end":{"line":321,"column":9}},{"start":{},"end":{}}],"line":318},"46":{"loc":{"start":{"line":318,"column":12},"end":{"line":318,"column":71}},"type":"binary-expr","locations":[{"start":{"line":318,"column":12},"end":{"line":318,"column":38}},{"start":{"line":318,"column":42},"end":{"line":318,"column":71}}],"line":318},"47":{"loc":{"start":{"line":366,"column":8},"end":{"line":369,"column":9}},"type":"if","locations":[{"start":{"line":366,"column":8},"end":{"line":369,"column":9}},{"start":{},"end":{}}],"line":366},"48":{"loc":{"start":{"line":366,"column":12},"end":{"line":366,"column":67}},"type":"binary-expr","locations":[{"start":{"line":366,"column":12},"end":{"line":366,"column":21}},{"start":{"line":366,"column":26},"end":{"line":366,"column":43}},{"start":{"line":366,"column":47},"end":{"line":366,"column":66}}],"line":366},"49":{"loc":{"start":{"line":372,"column":8},"end":{"line":375,"column":9}},"type":"if","locations":[{"start":{"line":372,"column":8},"end":{"line":375,"column":9}},{"start":{},"end":{}}],"line":372},"50":{"loc":{"start":{"line":383,"column":12},"end":{"line":420,"column":13}},"type":"if","locations":[{"start":{"line":383,"column":12},"end":{"line":420,"column":13}},{"start":{"line":410,"column":17},"end":{"line":420,"column":13}}],"line":383},"51":{"loc":{"start":{"line":385,"column":16},"end":{"line":408,"column":17}},"type":"if","locations":[{"start":{"line":385,"column":16},"end":{"line":408,"column":17}},{"start":{"line":398,"column":21},"end":{"line":408,"column":17}}],"line":385},"52":{"loc":{"start":{"line":389,"column":20},"end":{"line":396,"column":21}},"type":"if","locations":[{"start":{"line":389,"column":20},"end":{"line":396,"column":21}},{"start":{"line":393,"column":25},"end":{"line":396,"column":21}}],"line":389},"53":{"loc":{"start":{"line":402,"column":20},"end":{"line":407,"column":21}},"type":"if","locations":[{"start":{"line":402,"column":20},"end":{"line":407,"column":21}},{"start":{"line":405,"column":25},"end":{"line":407,"column":21}}],"line":402},"54":{"loc":{"start":{"line":414,"column":16},"end":{"line":419,"column":17}},"type":"if","locations":[{"start":{"line":414,"column":16},"end":{"line":419,"column":17}},{"start":{"line":417,"column":21},"end":{"line":419,"column":17}}],"line":414},"55":{"loc":{"start":{"line":431,"column":31},"end":{"line":431,"column":146}},"type":"cond-expr","locations":[{"start":{"line":431,"column":131},"end":{"line":431,"column":135}},{"start":{"line":431,"column":138},"end":{"line":431,"column":146}}],"line":431},"56":{"loc":{"start":{"line":431,"column":32},"end":{"line":431,"column":114}},"type":"cond-expr","locations":[{"start":{"line":431,"column":83},"end":{"line":431,"column":89}},{"start":{"line":431,"column":92},"end":{"line":431,"column":114}}],"line":431},"57":{"loc":{"start":{"line":431,"column":32},"end":{"line":431,"column":80}},"type":"binary-expr","locations":[{"start":{"line":431,"column":32},"end":{"line":431,"column":53}},{"start":{"line":431,"column":57},"end":{"line":431,"column":80}}],"line":431},"58":{"loc":{"start":{"line":453,"column":8},"end":{"line":456,"column":9}},"type":"if","locations":[{"start":{"line":453,"column":8},"end":{"line":456,"column":9}},{"start":{},"end":{}}],"line":453},"59":{"loc":{"start":{"line":453,"column":12},"end":{"line":453,"column":67}},"type":"binary-expr","locations":[{"start":{"line":453,"column":12},"end":{"line":453,"column":21}},{"start":{"line":453,"column":26},"end":{"line":453,"column":43}},{"start":{"line":453,"column":47},"end":{"line":453,"column":66}}],"line":453},"60":{"loc":{"start":{"line":459,"column":8},"end":{"line":462,"column":9}},"type":"if","locations":[{"start":{"line":459,"column":8},"end":{"line":462,"column":9}},{"start":{},"end":{}}],"line":459},"61":{"loc":{"start":{"line":470,"column":12},"end":{"line":507,"column":13}},"type":"if","locations":[{"start":{"line":470,"column":12},"end":{"line":507,"column":13}},{"start":{"line":497,"column":17},"end":{"line":507,"column":13}}],"line":470},"62":{"loc":{"start":{"line":472,"column":16},"end":{"line":495,"column":17}},"type":"if","locations":[{"start":{"line":472,"column":16},"end":{"line":495,"column":17}},{"start":{"line":485,"column":21},"end":{"line":495,"column":17}}],"line":472},"63":{"loc":{"start":{"line":476,"column":20},"end":{"line":483,"column":21}},"type":"if","locations":[{"start":{"line":476,"column":20},"end":{"line":483,"column":21}},{"start":{"line":480,"column":25},"end":{"line":483,"column":21}}],"line":476},"64":{"loc":{"start":{"line":489,"column":20},"end":{"line":494,"column":21}},"type":"if","locations":[{"start":{"line":489,"column":20},"end":{"line":494,"column":21}},{"start":{"line":492,"column":25},"end":{"line":494,"column":21}}],"line":489},"65":{"loc":{"start":{"line":501,"column":16},"end":{"line":506,"column":17}},"type":"if","locations":[{"start":{"line":501,"column":16},"end":{"line":506,"column":17}},{"start":{"line":504,"column":21},"end":{"line":506,"column":17}}],"line":501},"66":{"loc":{"start":{"line":518,"column":31},"end":{"line":518,"column":146}},"type":"cond-expr","locations":[{"start":{"line":518,"column":131},"end":{"line":518,"column":135}},{"start":{"line":518,"column":138},"end":{"line":518,"column":146}}],"line":518},"67":{"loc":{"start":{"line":518,"column":32},"end":{"line":518,"column":114}},"type":"cond-expr","locations":[{"start":{"line":518,"column":83},"end":{"line":518,"column":89}},{"start":{"line":518,"column":92},"end":{"line":518,"column":114}}],"line":518},"68":{"loc":{"start":{"line":518,"column":32},"end":{"line":518,"column":80}},"type":"binary-expr","locations":[{"start":{"line":518,"column":32},"end":{"line":518,"column":53}},{"start":{"line":518,"column":57},"end":{"line":518,"column":80}}],"line":518},"69":{"loc":{"start":{"line":539,"column":8},"end":{"line":542,"column":9}},"type":"if","locations":[{"start":{"line":539,"column":8},"end":{"line":542,"column":9}},{"start":{},"end":{}}],"line":539},"70":{"loc":{"start":{"line":545,"column":8},"end":{"line":548,"column":9}},"type":"if","locations":[{"start":{"line":545,"column":8},"end":{"line":548,"column":9}},{"start":{},"end":{}}],"line":545},"71":{"loc":{"start":{"line":549,"column":8},"end":{"line":554,"column":9}},"type":"if","locations":[{"start":{"line":549,"column":8},"end":{"line":554,"column":9}},{"start":{},"end":{}}],"line":549},"72":{"loc":{"start":{"line":556,"column":8},"end":{"line":561,"column":9}},"type":"if","locations":[{"start":{"line":556,"column":8},"end":{"line":561,"column":9}},{"start":{},"end":{}}],"line":556},"73":{"loc":{"start":{"line":558,"column":12},"end":{"line":560,"column":13}},"type":"if","locations":[{"start":{"line":558,"column":12},"end":{"line":560,"column":13}},{"start":{},"end":{}}],"line":558},"74":{"loc":{"start":{"line":572,"column":8},"end":{"line":574,"column":9}},"type":"if","locations":[{"start":{"line":572,"column":8},"end":{"line":574,"column":9}},{"start":{},"end":{}}],"line":572}},"s":{"0":1,"1":2,"2":0,"3":1,"4":2,"5":2,"6":0,"7":0,"8":0,"9":0,"10":3,"11":1,"12":1,"13":2,"14":1,"15":1,"16":1,"17":1,"18":1,"19":1,"20":1,"21":1,"22":1,"23":1,"24":1,"25":1,"26":1,"27":0,"28":0,"29":1,"30":0,"31":0,"32":1,"33":1,"34":0,"35":1,"36":0,"37":1,"38":1,"39":1,"40":1,"41":0,"42":0,"43":1,"44":1,"45":0,"46":0,"47":0,"48":0,"49":0,"50":0,"51":0,"52":0,"53":0,"54":0,"55":0,"56":0,"57":0,"58":0,"59":0,"60":0,"61":1,"62":1,"63":0,"64":0,"65":0,"66":0,"67":0,"68":0,"69":0,"70":0,"71":0,"72":0,"73":0,"74":0,"75":1,"76":1,"77":0,"78":0,"79":0,"80":0,"81":0,"82":0,"83":0,"84":0,"85":0,"86":0,"87":0,"88":0,"89":0,"90":0,"91":0,"92":0,"93":0,"94":0,"95":0,"96":0,"97":0,"98":0,"99":0,"100":0,"101":0,"102":0,"103":0,"104":0,"105":0,"106":0,"107":1,"108":1,"109":0,"110":0,"111":0,"112":0,"113":0,"114":0,"115":0,"116":0,"117":0,"118":0,"119":0,"120":0,"121":0,"122":0,"123":0,"124":0,"125":0,"126":0,"127":0,"128":0,"129":0,"130":0,"131":0,"132":0,"133":0,"134":0,"135":0,"136":1,"137":1,"138":0,"139":0,"140":0,"141":0,"142":0,"143":0,"144":0,"145":0,"146":0,"147":0,"148":0,"149":0,"150":0,"151":0,"152":0,"153":0,"154":0,"155":0,"156":0,"157":0,"158":0,"159":0,"160":1,"161":1,"162":0,"163":0,"164":0,"165":0,"166":0,"167":0,"168":0,"169":0,"170":0,"171":0,"172":0,"173":0,"174":0,"175":0,"176":0,"177":0,"178":0,"179":0,"180":0,"181":0,"182":0,"183":0,"184":0,"185":0,"186":0,"187":0,"188":0,"189":0,"190":0,"191":1,"192":1,"193":0,"194":0,"195":0,"196":0,"197":0,"198":0,"199":0,"200":0,"201":0,"202":0,"203":0,"204":0,"205":0,"206":0,"207":0,"208":0,"209":0,"210":0,"211":0,"212":0,"213":0,"214":0,"215":0,"216":0,"217":0,"218":0,"219":0,"220":0,"221":0,"222":0,"223":0,"224":0,"225":0,"226":0,"227":0,"228":0,"229":0,"230":0,"231":0,"232":0,"233":1,"234":1,"235":0,"236":0,"237":0,"238":0,"239":0,"240":0,"241":0,"242":0,"243":0,"244":0,"245":0,"246":0,"247":0,"248":0,"249":0,"250":0,"251":0,"252":0,"253":0,"254":0,"255":0,"256":0,"257":0,"258":0,"259":0,"260":0,"261":0,"262":0,"263":0,"264":0,"265":0,"266":0,"267":0,"268":0,"269":0,"270":0,"271":0,"272":0,"273":0,"274":0,"275":1,"276":1,"277":0,"278":0,"279":0,"280":0,"281":0,"282":0,"283":0,"284":0,"285":0,"286":0,"287":0,"288":0,"289":0,"290":0,"291":0,"292":0,"293":0,"294":0,"295":0,"296":0,"297":0,"298":0,"299":0,"300":0,"301":0,"302":0,"303":1},"f":{"0":1,"1":2,"2":0,"3":1,"4":2,"5":0,"6":3,"7":2,"8":1,"9":1,"10":0,"11":0,"12":0,"13":0,"14":0,"15":0,"16":0,"17":0,"18":0,"19":0,"20":0,"21":0,"22":0,"23":0,"24":0,"25":0,"26":0,"27":0,"28":0,"29":0,"30":0},"b":{"0":[1,1,1],"1":[2,0],"2":[1,1],"3":[1,2],"4":[1,1],"5":[1,1,1],"6":[0,2],"7":[2,2],"8":[0],"9":[0],"10":[1,0],"11":[1,0],"12":[0,1],"13":[0,1],"14":[0,1],"15":[0,1],"16":[1,0],"17":[1,0],"18":[1,0],"19":[1,0],"20":[0,0],"21":[0,0],"22":[0,0],"23":[0,0],"24":[0,0],"25":[0,0],"26":[0,0],"27":[0,0,0],"28":[0,0],"29":[0,0],"30":[0,0],"31":[0,0],"32":[0,0],"33":[0,0],"34":[0,0],"35":[0,0],"36":[0,0],"37":[0,0],"38":[0,0],"39":[0,0],"40":[0,0],"41":[0,0],"42":[0,0],"43":[0,0],"44":[0,0],"45":[0,0],"46":[0,0],"47":[0,0],"48":[0,0,0],"49":[0,0],"50":[0,0],"51":[0,0],"52":[0,0],"53":[0,0],"54":[0,0],"55":[0,0],"56":[0,0],"57":[0,0],"58":[0,0],"59":[0,0,0],"60":[0,0],"61":[0,0],"62":[0,0],"63":[0,0],"64":[0,0],"65":[0,0],"66":[0,0],"67":[0,0],"68":[0,0],"69":[0,0],"70":[0,0],"71":[0,0],"72":[0,0],"73":[0,0],"74":[0,0]},"inputSourceMap":null,"_coverageSchema":"1a1c01bbd47fc00a2c39e90264f33305004495a9","hash":"2d0da5a2f8dcd82af029662341dfc6086e7f2f33"}
,"C:\\Users\\anasr\\Downloads\\KickMates-New\\server\\dist\\controllers\\eventController.js": {"path":"C:\\Users\\anasr\\Downloads\\KickMates-New\\server\\dist\\controllers\\eventController.js","statementMap":{"0":{"start":{"line":2,"column":22},"end":{"line":12,"column":3}},"1":{"start":{"line":3,"column":4},"end":{"line":3,"column":33}},"2":{"start":{"line":3,"column":26},"end":{"line":3,"column":33}},"3":{"start":{"line":4,"column":15},"end":{"line":4,"column":52}},"4":{"start":{"line":5,"column":4},"end":{"line":7,"column":5}},"5":{"start":{"line":6,"column":6},"end":{"line":6,"column":68}},"6":{"start":{"line":6,"column":51},"end":{"line":6,"column":63}},"7":{"start":{"line":8,"column":4},"end":{"line":8,"column":39}},"8":{"start":{"line":10,"column":4},"end":{"line":10,"column":33}},"9":{"start":{"line":10,"column":26},"end":{"line":10,"column":33}},"10":{"start":{"line":11,"column":4},"end":{"line":11,"column":17}},"11":{"start":{"line":13,"column":25},"end":{"line":17,"column":2}},"12":{"start":{"line":14,"column":4},"end":{"line":14,"column":72}},"13":{"start":{"line":16,"column":4},"end":{"line":16,"column":21}},"14":{"start":{"line":18,"column":19},"end":{"line":34,"column":4}},"15":{"start":{"line":19,"column":18},"end":{"line":26,"column":5}},"16":{"start":{"line":20,"column":8},"end":{"line":24,"column":10}},"17":{"start":{"line":21,"column":21},"end":{"line":21,"column":23}},"18":{"start":{"line":22,"column":12},"end":{"line":22,"column":95}},"19":{"start":{"line":22,"column":29},"end":{"line":22,"column":95}},"20":{"start":{"line":22,"column":77},"end":{"line":22,"column":95}},"21":{"start":{"line":23,"column":12},"end":{"line":23,"column":22}},"22":{"start":{"line":25,"column":8},"end":{"line":25,"column":26}},"23":{"start":{"line":27,"column":4},"end":{"line":33,"column":6}},"24":{"start":{"line":28,"column":8},"end":{"line":28,"column":46}},"25":{"start":{"line":28,"column":35},"end":{"line":28,"column":46}},"26":{"start":{"line":29,"column":21},"end":{"line":29,"column":23}},"27":{"start":{"line":30,"column":8},"end":{"line":30,"column":137}},"28":{"start":{"line":30,"column":25},"end":{"line":30,"column":137}},"29":{"start":{"line":30,"column":38},"end":{"line":30,"column":50}},"30":{"start":{"line":30,"column":56},"end":{"line":30,"column":57}},"31":{"start":{"line":30,"column":78},"end":{"line":30,"column":137}},"32":{"start":{"line":30,"column":102},"end":{"line":30,"column":137}},"33":{"start":{"line":31,"column":8},"end":{"line":31,"column":40}},"34":{"start":{"line":32,"column":8},"end":{"line":32,"column":22}},"35":{"start":{"line":35,"column":16},"end":{"line":43,"column":1}},"36":{"start":{"line":36,"column":28},"end":{"line":36,"column":110}},"37":{"start":{"line":36,"column":91},"end":{"line":36,"column":106}},"38":{"start":{"line":37,"column":4},"end":{"line":42,"column":7}},"39":{"start":{"line":38,"column":36},"end":{"line":38,"column":97}},"40":{"start":{"line":38,"column":42},"end":{"line":38,"column":70}},"41":{"start":{"line":38,"column":85},"end":{"line":38,"column":95}},"42":{"start":{"line":39,"column":35},"end":{"line":39,"column":100}},"43":{"start":{"line":39,"column":41},"end":{"line":39,"column":73}},"44":{"start":{"line":39,"column":88},"end":{"line":39,"column":98}},"45":{"start":{"line":40,"column":32},"end":{"line":40,"column":116}},"46":{"start":{"line":41,"column":8},"end":{"line":41,"column":78}},"47":{"start":{"line":44,"column":0},"end":{"line":44,"column":62}},"48":{"start":{"line":45,"column":0},"end":{"line":45,"column":275}},"49":{"start":{"line":46,"column":13},"end":{"line":46,"column":43}},"50":{"start":{"line":48,"column":20},"end":{"line":83,"column":2}},"51":{"start":{"line":48,"column":34},"end":{"line":83,"column":2}},"52":{"start":{"line":49,"column":4},"end":{"line":82,"column":5}},"53":{"start":{"line":50,"column":107},"end":{"line":50,"column":115}},"54":{"start":{"line":51,"column":27},"end":{"line":51,"column":38}},"55":{"start":{"line":53,"column":8},"end":{"line":58,"column":9}},"56":{"start":{"line":54,"column":12},"end":{"line":56,"column":15}},"57":{"start":{"line":57,"column":12},"end":{"line":57,"column":19}},"58":{"start":{"line":60,"column":23},"end":{"line":66,"column":10}},"59":{"start":{"line":68,"column":8},"end":{"line":68,"column":154}},"60":{"start":{"line":70,"column":22},"end":{"line":73,"column":40}},"61":{"start":{"line":74,"column":8},"end":{"line":77,"column":11}},"62":{"start":{"line":80,"column":8},"end":{"line":80,"column":52}},"63":{"start":{"line":81,"column":8},"end":{"line":81,"column":73}},"64":{"start":{"line":84,"column":0},"end":{"line":84,"column":34}},"65":{"start":{"line":86,"column":18},"end":{"line":123,"column":2}},"66":{"start":{"line":86,"column":32},"end":{"line":123,"column":2}},"67":{"start":{"line":87,"column":4},"end":{"line":122,"column":5}},"68":{"start":{"line":88,"column":55},"end":{"line":88,"column":64}},"69":{"start":{"line":89,"column":20},"end":{"line":96,"column":5}},"70":{"start":{"line":97,"column":23},"end":{"line":97,"column":25}},"71":{"start":{"line":99,"column":8},"end":{"line":102,"column":9}},"72":{"start":{"line":100,"column":12},"end":{"line":100,"column":45}},"73":{"start":{"line":101,"column":12},"end":{"line":101,"column":36}},"74":{"start":{"line":103,"column":8},"end":{"line":106,"column":9}},"75":{"start":{"line":104,"column":12},"end":{"line":104,"column":46}},"76":{"start":{"line":105,"column":12},"end":{"line":105,"column":41}},"77":{"start":{"line":107,"column":8},"end":{"line":110,"column":9}},"78":{"start":{"line":108,"column":12},"end":{"line":108,"column":57}},"79":{"start":{"line":109,"column":12},"end":{"line":109,"column":30}},"80":{"start":{"line":111,"column":8},"end":{"line":114,"column":9}},"81":{"start":{"line":112,"column":12},"end":{"line":112,"column":92}},"82":{"start":{"line":113,"column":12},"end":{"line":113,"column":69}},"83":{"start":{"line":115,"column":8},"end":{"line":115,"column":46}},"84":{"start":{"line":116,"column":23},"end":{"line":116,"column":62}},"85":{"start":{"line":117,"column":8},"end":{"line":117,"column":41}},"86":{"start":{"line":120,"column":8},"end":{"line":120,"column":50}},"87":{"start":{"line":121,"column":8},"end":{"line":121,"column":74}},"88":{"start":{"line":124,"column":0},"end":{"line":124,"column":30}},"89":{"start":{"line":126,"column":21},"end":{"line":180,"column":2}},"90":{"start":{"line":126,"column":35},"end":{"line":180,"column":2}},"91":{"start":{"line":128,"column":4},"end":{"line":179,"column":5}},"92":{"start":{"line":129,"column":23},"end":{"line":129,"column":33}},"93":{"start":{"line":130,"column":23},"end":{"line":130,"column":81}},"94":{"start":{"line":132,"column":22},"end":{"line":135,"column":29}},"95":{"start":{"line":136,"column":8},"end":{"line":139,"column":9}},"96":{"start":{"line":137,"column":12},"end":{"line":137,"column":65}},"97":{"start":{"line":138,"column":12},"end":{"line":138,"column":19}},"98":{"start":{"line":141,"column":29},"end":{"line":145,"column":35}},"99":{"start":{"line":147,"column":25},"end":{"line":153,"column":57}},"100":{"start":{"line":155,"column":27},"end":{"line":155,"column":32}},"101":{"start":{"line":156,"column":8},"end":{"line":159,"column":9}},"102":{"start":{"line":157,"column":29},"end":{"line":157,"column":130}},"103":{"start":{"line":158,"column":12},"end":{"line":158,"column":38}},"104":{"start":{"line":161,"column":34},"end":{"line":161,"column":38}},"105":{"start":{"line":162,"column":8},"end":{"line":167,"column":9}},"106":{"start":{"line":163,"column":32},"end":{"line":163,"column":146}},"107":{"start":{"line":164,"column":12},"end":{"line":166,"column":13}},"108":{"start":{"line":165,"column":16},"end":{"line":165,"column":57}},"109":{"start":{"line":168,"column":8},"end":{"line":174,"column":11}},"110":{"start":{"line":177,"column":8},"end":{"line":177,"column":49}},"111":{"start":{"line":178,"column":8},"end":{"line":178,"column":80}},"112":{"start":{"line":181,"column":0},"end":{"line":181,"column":36}},"113":{"start":{"line":183,"column":20},"end":{"line":227,"column":2}},"114":{"start":{"line":183,"column":34},"end":{"line":227,"column":2}},"115":{"start":{"line":184,"column":4},"end":{"line":226,"column":5}},"116":{"start":{"line":185,"column":23},"end":{"line":185,"column":33}},"117":{"start":{"line":186,"column":23},"end":{"line":186,"column":34}},"118":{"start":{"line":188,"column":22},"end":{"line":188,"column":98}},"119":{"start":{"line":189,"column":8},"end":{"line":192,"column":9}},"120":{"start":{"line":190,"column":12},"end":{"line":190,"column":65}},"121":{"start":{"line":191,"column":12},"end":{"line":191,"column":19}},"122":{"start":{"line":193,"column":8},"end":{"line":196,"column":9}},"123":{"start":{"line":194,"column":12},"end":{"line":194,"column":85}},"124":{"start"
[...]
line":106,"column":68}},"type":"binary-expr","locations":[{"start":{"line":106,"column":27},"end":{"line":106,"column":51}},{"start":{"line":106,"column":55},"end":{"line":106,"column":68}}],"line":106},"18":{"loc":{"start":{"line":107,"column":12},"end":{"line":110,"column":13}},"type":"if","locations":[{"start":{"line":107,"column":12},"end":{"line":110,"column":13}},{"start":{},"end":{}}],"line":107},"19":{"loc":{"start":{"line":112,"column":12},"end":{"line":156,"column":13}},"type":"switch","locations":[{"start":{"line":113,"column":16},"end":{"line":122,"column":26}},{"start":{"line":123,"column":16},"end":{"line":132,"column":26}},{"start":{"line":133,"column":16},"end":{"line":145,"column":26}},{"start":{"line":146,"column":16},"end":{"line":152,"column":26}},{"start":{"line":153,"column":16},"end":{"line":155,"column":27}}],"line":112},"20":{"loc":{"start":{"line":114,"column":20},"end":{"line":121,"column":21}},"type":"if","locations":[{"start":{"line":114,"column":20},"end":{"line":121,"column":21}},{"start":{"line":118,"column":25},"end":{"line":121,"column":21}}],"line":114},"21":{"loc":{"start":{"line":114,"column":24},"end":{"line":114,"column":74}},"type":"binary-expr","locations":[{"start":{"line":114,"column":24},"end":{"line":114,"column":47}},{"start":{"line":114,"column":51},"end":{"line":114,"column":74}}],"line":114},"22":{"loc":{"start":{"line":118,"column":25},"end":{"line":121,"column":21}},"type":"if","locations":[{"start":{"line":118,"column":25},"end":{"line":121,"column":21}},{"start":{},"end":{}}],"line":118},"23":{"loc":{"start":{"line":124,"column":20},"end":{"line":131,"column":21}},"type":"if","locations":[{"start":{"line":124,"column":20},"end":{"line":131,"column":21}},{"start":{"line":128,"column":25},"end":{"line":131,"column":21}}],"line":124},"24":{"loc":{"start":{"line":124,"column":24},"end":{"line":124,"column":74}},"type":"binary-expr","locations":[{"start":{"line":124,"column":24},"end":{"line":124,"column":47}},{"start":{"line":124,"column":51},"end":{"line":124,"column":74}}],"line":124},"25":{"loc":{"start":{"line":128,"column":25},"end":{"line":131,"column":21}},"type":"if","locations":[{"start":{"line":128,"column":25},"end":{"line":131,"column":21}},{"start":{},"end":{}}],"line":128},"26":{"loc":{"start":{"line":134,"column":20},"end":{"line":144,"column":21}},"type":"if","locations":[{"start":{"line":134,"column":20},"end":{"line":144,"column":21}},{"start":{"line":138,"column":25},"end":{"line":144,"column":21}}],"line":134},"27":{"loc":{"start":{"line":138,"column":25},"end":{"line":144,"column":21}},"type":"if","locations":[{"start":{"line":138,"column":25},"end":{"line":144,"column":21}},{"start":{},"end":{}}],"line":138},"28":{"loc":{"start":{"line":141,"column":24},"end":{"line":143,"column":25}},"type":"if","locations":[{"start":{"line":141,"column":24},"end":{"line":143,"column":25}},{"start":{},"end":{}}],"line":141},"29":{"loc":{"start":{"line":147,"column":20},"end":{"line":151,"column":21}},"type":"if","locations":[{"start":{"line":147,"column":20},"end":{"line":151,"column":21}},{"start":{},"end":{}}],"line":147},"30":{"loc":{"start":{"line":149,"column":39},"end":{"line":150,"column":107}},"type":"binary-expr","locations":[{"start":{"line":149,"column":40},"end":{"line":149,"column":112}},{"start":{"line":150,"column":29},"end":{"line":150,"column":106}}],"line":149},"31":{"loc":{"start":{"line":157,"column":12},"end":{"line":160,"column":13}},"type":"if","locations":[{"start":{"line":157,"column":12},"end":{"line":160,"column":13}},{"start":{},"end":{}}],"line":157}},"s":{"0":1,"1":0,"2":0,"3":0,"4":0,"5":0,"6":0,"7":0,"8":0,"9":0,"10":0,"11":0,"12":1,"13":1,"14":1,"15":1,"16":0,"17":0,"18":0,"19":0,"20":0,"21":0,"22":1,"23":1,"24":0,"25":0,"26":0,"27":0,"28":0,"29":0,"30":1,"31":1,"32":0,"33":0,"34":0,"35":0,"36":0,"37":0,"38":1,"39":1,"40":6,"41":0,"42":0,"43":0,"44":0,"45":0,"46":0,"47":0,"48":0,"49":0,"50":0,"51":0,"52":0,"53":0,"54":0,"55":1,"56":1,"57":4,"58":0,"59":0,"60":0,"61":0,"62":0,"63":0,"64":0,"65":0,"66":0,"67":0,"68":0,"69":0,"70":0,"71":0,"72":1,"73":1,"74":3,"75":0,"76":0,"77":0,"78":0,"79":0,"80":0,"81":0,"82":0,"83":0,"84":0,"85":0,"86":0,"87":0,"88":0,"89":0,"90":0,"91":0,"92":0,"93":0,"94":0,"95":0,"96":0,"97":0,"98":0,"99":0,"100":0,"101":0,"102":0,"103":0,"104":0,"105":0,"106":0,"107":0,"108":0,"109":0,"110":0,"111":0,"112":1},"f":{"0":0,"1":0,"2":0,"3":0,"4":0,"5":0,"6":0,"7":0,"8":0,"9":0,"10":0,"11":0,"12":0,"13":6,"14":0,"15":0,"16":4,"17":0,"18":0,"19":3,"20":0,"21":0},"b":{"0":[1,1,1],"1":[0,0],"2":[0,0],"3":[0,0],"4":[0,0],"5":[6],"6":[0,0],"7":[0,0],"8":[0,0],"9":[0,0],"10":[0],"11":[0,0],"12":[0,0],"13":[0,0],"14":[0,0],"15":[0],"16":[0,0],"17":[0,0],"18":[0,0],"19":[0,0,0,0,0],"20":[0,0],"21":[0,0],"22":[0,0],"23":[0,0],"24":[0,0],"25":[0,0],"26":[0,0],"27":[0,0],"28":[0,0],"29":[0,0],"30":[0,0],"31":[0,0]},"inputSourceMap":null,"_coverageSchema":"1a1c01bbd47fc00a2c39e90264f33305004495a9","hash":"576830e107e798ca2d24779d36a26a2fc51fc32c"}
,"C:\\Users\\anasr\\Downloads\\KickMates-New\\server\\dist\\utils\\socketService.js": {"path":"C:\\Users\\anasr\\Downloads\\KickMates-New\\server\\dist\\utils\\socketService.js","statementMap":{"0":{"start":{"line":2,"column":16},"end":{"line":10,"column":1}},"1":{"start":{"line":3,"column":28},"end":{"line":3,"column":110}},"2":{"start":{"line":3,"column":91},"end":{"line":3,"column":106}},"3":{"start":{"line":4,"column":4},"end":{"line":9,"column":7}},"4":{"start":{"line":5,"column":36},"end":{"line":5,"column":97}},"5":{"start":{"line":5,"column":42},"end":{"line":5,"column":70}},"6":{"start":{"line":5,"column":85},"end":{"line":5,"column":95}},"7":{"start":{"line":6,"column":35},"end":{"line":6,"column":100}},"8":{"start":{"line":6,"column":41},"end":{"line":6,"column":73}},"9":{"start":{"line":6,"column":88},"end":{"line":6,"column":98}},"10":{"start":{"line":7,"column":32},"end":{"line":7,"column":116}},"11":{"start":{"line":8,"column":8},"end":{"line":8,"column":78}},"12":{"start":{"line":11,"column":0},"end":{"line":11,"column":62}},"13":{"start":{"line":12,"column":0},"end":{"line":12,"column":31}},"14":{"start":{"line":13,"column":20},"end":{"line":13,"column":40}},"15":{"start":{"line":14,"column":13},"end":{"line":14,"column":29}},"16":{"start":{"line":17,"column":8},"end":{"line":17,"column":23}},"17":{"start":{"line":18,"column":8},"end":{"line":18,"column":30}},"18":{"start":{"line":22,"column":8},"end":{"line":27,"column":11}},"19":{"start":{"line":28,"column":8},"end":{"line":28,"column":67}},"20":{"start":{"line":29,"column":8},"end":{"line":29,"column":53}},"21":{"start":{"line":33,"column":8},"end":{"line":33,"column":59}},"22":{"start":{"line":35,"column":8},"end":{"line":41,"column":11}},"23":{"start":{"line":37,"column":12},"end":{"line":37,"column":54}},"24":{"start":{"line":38,"column":12},"end":{"line":38,"column":86}},"25":{"start":{"line":40,"column":12},"end":{"line":40,"column":47}},"26":{"start":{"line":43,"column":8},"end":{"line":46,"column":11}},"27":{"start":{"line":44,"column":12},"end":{"line":44,"column":58}},"28":{"start":{"line":45,"column":12},"end":{"line":45,"column":85}},"29":{"start":{"line":48,"column":8},"end":{"line":51,"column":11}},"30":{"start":{"line":49,"column":12},"end":{"line":49,"column":59}},"31":{"start":{"line":50,"column":12},"end":{"line":50,"column":83}},"32":{"start":{"line":53,"column":8},"end":{"line":140,"column":12}},"33":{"start":{"line":53,"column":44},"end":{"line":140,"column":10}},"34":{"start":{"line":55,"column":12},"end":{"line":139,"column":13}},"35":{"start":{"line":56,"column":73},"end":{"line":56,"column":77}},"36":{"start":{"line":58,"column":37},"end":{"line":58,"column":41}},"37":{"start":{"line":59,"column":36},"end":{"line":59,"column":40}},"38":{"start":{"line":60,"column":16},"end":{"line":71,"column":17}},"39":{"start":{"line":61,"column":37},"end":{"line":66,"column":25}},"40":{"start":{"line":67,"column":20},"end":{"line":70,"column":21}},"41":{"start":{"line":68,"column":24},"end":{"line":68,"column":58}},"42":{"start":{"line":69,"column":24},"end":{"line":69,"column":60}},"43":{"start":{"line":73,"column":31},"end":{"line":76,"column":104}},"44":{"start":{"line":78,"column":34},"end":{"line":78,"column":47}},"45":{"start":{"line":80,"column":35},"end":{"line":96,"column":23}},"46":{"start":{"line":98,"column":29},"end":{"line":98,"column":60}},"47":{"start":{"line":99,"column":41},"end":{"line":113,"column":17}},"48":{"start":{"line":115,"column":16},"end":{"line":115,"column":146}},"49":{"start":{"line":117,"column":16},"end":{"line":121,"column":29}},"50":{"start":{"line":123,"column":37},"end":{"line":123,"column":91}},"51":{"start":{"line":125,"column":16},"end":{"line":134,"column":19}},"52":{"start":{"line":127,"column":20},"end":{"line":133,"column":21}},"53":{"start":{"line":129,"column":24},"end":{"line":132,"column":27}},"54":{"start":{"line":137,"column":16},"end":{"line":137,"column":75}},"55":{"start":{"line":138,"column":16},"end":{"line":138,"column":76}},"56":{"start":{"line":142,"column":8},"end":{"line":160,"column":12}},"57":{"start":{"line":142,"column":50},"end":{"line":160,"column":10}},"58":{"start":{"line":144,"column":12},"end":{"line":159,"column":13}},"59":{"start":{"line":145,"column":51},"end":{"line":145,"column":55}},"60":{"start":{"line":146,"column":16},"end":{"line":150,"column":37}},"61":{"start":{"line":152,"column":16},"end":{"line":155,"column":19}},"62":{"start":{"line":158,"column":16},"end":{"line":158,"column":81}},"63":{"start":{"line":162,"column":8},"end":{"line":172,"column":11}},"64":{"start":{"line":163,"column":12},"end":{"line":163,"column":61}},"65":{"start":{"line":165,"column":12},"end":{"line":171,"column":13}},"66":{"start":{"line":166,"column":16},"end":{"line":170,"column":17}},"67":{"start":{"line":167,"column":20},"end":{"line":167,"column":52}},"68":{"start":{"line":168,"column":20},"end":{"line":168,"column":63}},"69":{"start":{"line":169,"column":20},"end":{"line":169,"column":26}},"70":{"start":{"line":176,"column":8},"end":{"line":185,"column":11}},"71":{"start":{"line":177,"column":12},"end":{"line":184,"column":13}},"72":{"start":{"line":178,"column":37},"end":{"line":178,"column":85}},"73":{"start":{"line":179,"column":16},"end":{"line":179,"column":69}},"74":{"start":{"line":179,"column":47},"end":{"line":179,"column":67}},"75":{"start":{"line":182,"column":16},"end":{"line":182,"column":81}},"76":{"start":{"line":183,"column":16},"end":{"line":183,"column":26}},"77":{"start":{"line":189,"column":8},"end":{"line":191,"column":11}},"78":{"start":{"line":190,"column":12},"end":{"line":190,"column":137}},"79":{"start":{"line":195,"column":0},"end":{"line":195,"column":44}}},"fnMap":{"0":{"name":"(anonymous_0)","decl":{"start":{"line":2,"column":44},"end":{"line":2,"column":45}},"loc":{"start":{"line":2,"column":89},"end":{"line":10,"column":1}},"line":2},"1":{"name":"adopt","decl":{"start":{"line":3,"column":13},"end":{"line":3,"column":18}},"loc":{"start":{"line":3,"column":26},"end":{"line":3,"column":112}},"line":3},"2":{"name":"(anonymous_2)","decl":{"start":{"line":3,"column":70},"end":{"line":3,"column":71}},"loc":{"start":{"line":3,"column":89},"end":{"line":3,"column":108}},"line":3},"3":{"name":"(anonymous_3)","decl":{"start":{"line":4,"column":36},"end":{"line":4,"column":37}},"loc":{"start":{"line":4,"column":63},"end":{"line":9,"column":5}},"line":4},"4":{"name":"fulfilled","decl":{"start":{"line":5,"column":17},"end":{"line":5,"column":26}},"loc":{"start":{"line":5,"column":34},"end":{"line":5,"column":99}},"line":5},"5":{"name":"rejected","decl":{"start":{"line":6,"column":17},"end":{"line":6,"column":25}},"loc":{"start":{"line":6,"column":33},"end":{"line":6,"column":102}},"line":6},"6":{"name":"step","decl":{"start":{"line":7,"column":17},"end":{"line":7,"column":21}},"loc":{"start":{"line":7,"column":30},"end":{"line":7,"column":118}},"line":7},"7":{"name":"(anonymous_7)","decl":{"start":{"line":16,"column":4},"end":{"line":16,"column":5}},"loc":{"start":{"line":16,"column":18},"end":{"line":19,"column":5}},"line":16},"8":{"name":"(anonymous_8)","decl":{"start":{"line":21,"column":4},"end":{"line":21,"column":5}},"loc":{"start":{"line":21,"column":27},"end":{"line":30,"column":5}},"line":21},"9":{"name":"(anonymous_9)","decl":{"start":{"line":32,"column":4},"end":{"line":32,"column":5}},"loc":{"start":{"line":32,"column":29},"end":{"line":173,"column":5}},"line":32},"10":{"name":"(anonymous_10)","decl":{"start":{"line":35,"column":34},"end":{"line":35,"column":35}},"loc":{"start":{"line":35,"column":44},"end":{"line":41,"column":9}},"line":35},"11":{"name":"(anonymous_11)","decl":{"start":{"line":43,"column":39},"end":{"line":43,"column":40}},"loc":{"start":{"line":43,"column":59},"end":{"line":46,"column":9}},"line":43},"12":{"name":"(anonymous_12)","decl":{"start":{"line":48,"column":40},"end":{"line":48,"column":41}},"loc":{"start":{"line":48,"column":60},"end":{"line":51,"column":9}},"line":48},"13":{"name":"(anonymous_13)","decl":{"start":{"line":53,"column":34},"end":{"line":53,"column":35}},"loc":{"start":{"line":53,"column":44},"end":{"line":140,"column":10}},"line":53},"14":{"name":"(anonymous_14)","decl":{"start":{"line":53,"column":76},"end":{"line":53,"column":77}},"loc":{"start":{"line":53,"column":89},"end":{"line":140,"column":9}},"line":53},"15":{"name":"(anonymous_15)","decl":{"start":{"line":125,"column":37},"end":{"line":125,"column":38}},"loc":{"start":{"line":125,"column":52},"end":{"line":134,"column":17}},"line":125},"16":{"name":"(anonymous_16)","decl":{"start":{"line":142,"column":40},"end":{"line":142,"column":41}},"loc":{"start":{"line":142,"column":50},"end":{"line":160,"column":10}},"line":142},"17":{"name":"(anonymous_17)","decl":{"start":{"line":142,"column":82},"end":{"line":142,"column":83}},"loc":{"start":{"line":142,"column":95},"end":{"line":160,"column":9}},"line":142},"18":{"name":"(anonymous_18)","decl":{"start":{"line":162,"column":32},"end":{"line":162,"column":33}},"loc":{"start":{"line":162,"column":38},"end":{"line":172,"column":9}},"line":162},"19":{"name":"(anonymous_19)","decl":{"start":{"line":175,"column":4},"end":{"line":175,"column":5}},"loc":{"start":{"line":175,"column":48},"end":{"line":186,"column":5}},"line":175},"20":{"name":"(anonymous_20)","decl":{"start":{"line":176,"column":47},"end":{"line":176,"column":48}},"loc":{"start":{"line":176,"column":60},"end":{"line":185,"column":9}},"line":176},"21":{"name":"(anonymous_21)","decl":{"start":{"line":179,"column":40},"end":{"line":179,"column":41}},"loc":{"start":{"line":179,"column":47},"end":{"line":179,"column":67}},"line":179},"22":{"name":"(anonymous_22)","decl":{"start":{"line":188,"column":4},"end":{"line":188,"column":5}},"loc":{"start":{"line":188,"column":42},"end":{"line":192,"column":5}},"line":188},"23":{"name":"(anonymous_23)","decl":{"start":{"line":189,"column":47},"end":{"line":189,"column":48}},"loc":{"start":{"line":189,"column":60},"end":{"line":191,"column":9}},"line":189}},"branchMap":{"0":{"loc":{"start":{"line":2,"column":16},"end":{"line":10,"column":1}},"type":"binary-expr","locations":[{"start":{"line":2,"column":17},"end":{"line":2,"column":21}},{"start":{"line":2,"column":25},"end":{"line":2,"column":39}},{"start":{"line":2,"column":44},"end":{"line":10,"column":1}}],"line":2},"1":{"loc":{"start":{"line":3,"column":35},"end":{"line":3,"column":109}},"type":"cond-expr","locations":[{"start":{"line":3,"column":56},"end":{"line":3,"column":61}},{"start":{"line":3,"column":64},"end":{"line":3,"column":109}}],"line":3},"2":{"loc":{"start":{"line":4,"column":16},"end":{"line":4,"column":34}},"type":"binary-expr","locations":[{"start":{"line":4,"column":16},"end":{"line":4,"column":17}},{"start":{"line":4,"column":22},"end":{"line":4,"column":33}}],"line":4},"3":{"loc":{"start":{"line":7,"column":32},"end":{"line":7,"column":115}},"type":"cond-expr","locations":[{"start":{"line":7,"column":46},"end":{"line":7,"column":67}},{"start":{"line":7,"column":70},"end":{"line":7,"column":115}}],"line":7},"4":{"loc":{"start":{"line":8,"column":51},"end":{"line":8,"column":67}},"type":"binary-expr","locations":[{"start":{"line":8,"column":51},"end":{"line":8,"column":61}},{"start":{"line":8,"column":65},"end":{"line":8,"column":67}}],"line":8},"5":{"loc":{"start":{"line":60,"column":16},"end":{"line":71,"column":17}},"type":"if","locations":[{"start":{"line":60,"column":16},"end":{"line":71,"column":17}},{"start":{},"end":{}}],"line":60},"6":{"loc":{"start":{"line":67,"column":20},"end":{"line":70,"column":21}},"type":"if","locations":[{"start":{"line":67,"column":20},"end":{"line":70,"column":21}},{"start":{},"end":{}}],"line":67},"7":{"loc":{"start":{"line":76,"column":54},"end":{"line":76,"column":71}},"type":"binary-expr","locations":[{"start":{"line":76,"column":54},"end":{"line":76,"column":63}},{"start":{"line":76,"column":67},"end":{"line":76,"column":71}}],"line":76},"8":{"loc":{"start":{"line":115,"column":16},"end":{"line":115,"column":145}},"type":"cond-expr","locations":[{"start":{"line":115,"column":59},"end":{"line":115,"column":65}},{"start":{"line":115,"column":68},"end":{"line":115,"column":145}}],"line":115},"9":{"loc":{"start":{"line":115,"column":16},"end":{"line":115,"column":56}},"type":"binary-expr","locations":[{"start":{"line":115,"column":16},"end":{"line":115,"column":39}},{"start":{"line":115,"column":43},"end":{"line":115,"column":56}}],"line":115},"10":{"loc":{"start":{"line":127,"column":20},"end":{"line":133,"column":21}},"type":"if","locations":[{"start":{"line":127,"column":20},"end":{"line":133,"column":21}},{"start":{},"end":{}}],"line":127},"11":{"loc":{"start":{"line":129,"column":24},"end":{"line":132,"column":26}},"type":"cond-expr","locations":[{"start":{"line":129,"column":67},"end":{"line":129,"column":73}},{"start":{"line":129,"column":76},"end":{"line":132,"column":26}}],"line":129},"12":{"loc":{"start":{"line":129,"column":24},"end":{"line":129,"column":64}},"type":"binary-expr","locations":[{"start":{"line":129,"column":24},"end":{"line":129,"column":47}},{"start":{"line":129,"column":51},"end":{"line":129,"column":64}}],"line":129},"13":{"loc":{"start":{"line":152,"column":16},"end":{"line":155,"column":18}},"type":"cond-expr","locations":[{"start":{"line":152,"column":59},"end":{"line":152,"column":65}},{"start":{"line":152,"column":68},"end":{"line":155,"column":18}}],"line":152},"14":{"loc":{"start":{"line":152,"column":16},"end":{"line":152,"column":56}},"type":"binary-expr","locations":[{"start":{"line":152,"column":16},"end":{"line":152,"column":39}},{"start":{"line":152,"column":43},"end":{"line":152,"column":56}}],"line":152},"15":{"loc":{"start":{"line":166,"column":16},"end":{"line":170,"column":17}},"type":"if","locations":[{"start":{"line":166,"column":16},"end":{"line":170,"column":17}},{"start":{},"end":{}}],"line":166}},"s":{"0":1,"1":0,"2":0,"3":0,"4":0,"5":0,"6":0,"7":0,"8":0,"9":0,"10":0,"11":0,"12":1,"13":1,"14":1,"15":1,"16":1,"17":1,"18":1,"19":1,"20":1,"21":0,"22":0,"23":0,"24":0,"25":0,"26":0,"27":0,"28":0,"29":0,"30":0,"31":0,"32":0,"33":0,"34":0,"35":0,"36":0,"37":0,"38":0,"39":0,"40":0,"41":0,"42":0,"43":0,"44":0,"45":0,"46":0,"47":0,"48":0,"49":0,"50":0,"51":0,"52":0,"53":0,"54":0,"55":0,"56":0,"57":0,"58":0,"59":0,"60":0,"61":0,"62":0,"63":0,"64":0,"65":0,"66":0,"67":0,"68":0,"69":0,"70":0,"71":0,"72":0,"73":0,"74":0,"75":0,"76":0,"77":0,"78":0,"79":1},"f":{"0":0,"1":0,"2":0,"3":0,"4":0,"5":0,"6":0,"7":1,"8":1,"9":0,"10":0,"11":0,"12":0,"13":0,"14":0,"15":0,"16":0,"17":0,"18":0,"19":0,"20":0,"21":0,"22":0,"23":0},"b":{"0":[1,1,1],"1":[0,0],"2":[0,0],"3":[0,0],"4":[0,0],"5":[0,0],"6":[0,0],"7":[0,0],"8":[0,0],"9":[0,0],"10":[0,0],"11":[0,0],"12":[0,0],"13":[0,0],"14":[0,0],"15":[0,0]},"inputSourceMap":null,"_coverageSchema":"1a1c01bbd47fc00a2c39e90264f33305004495a9","hash":"720b77902eb128fe310c2510949c95a7ed49a2f4"}
}
