TN:
SF:dist\index.js
FN:2,(anonymous_0)
FN:47,(anonymous_1)
FN:52,(anonymous_2)
FN:58,(anonymous_3)
FNF:4
FNH:1
FNDA:12,(anonymous_0)
FNDA:0,(anonymous_1)
FNDA:0,(anonymous_2)
FNDA:0,(anonymous_3)
DA:2,1
DA:3,12
DA:5,1
DA:6,1
DA:7,1
DA:8,1
DA:9,1
DA:10,1
DA:11,1
DA:12,1
DA:13,1
DA:14,1
DA:15,1
DA:16,1
DA:17,1
DA:18,1
DA:19,1
DA:21,1
DA:23,1
DA:24,1
DA:25,1
DA:26,1
DA:28,1
DA:29,1
DA:31,1
DA:33,1
DA:34,1
DA:35,1
DA:36,1
DA:38,1
DA:39,1
DA:40,1
DA:41,1
DA:42,1
DA:43,1
DA:45,1
DA:46,0
DA:47,0
DA:48,0
DA:52,1
DA:53,0
DA:54,0
DA:57,1
DA:58,0
DA:59,0
LF:45
LH:38
BRDA:2,0,0,1
BRDA:2,0,1,1
BRDA:2,0,2,1
BRDA:3,1,0,6
BRDA:3,1,1,6
BRDA:3,2,0,12
BRDA:3,2,1,12
BRDA:26,3,0,1
BRDA:26,3,1,0
BRDA:45,4,0,0
BRDA:45,4,1,1
BRDA:57,5,0,0
BRDA:57,5,1,1
BRF:13
BRH:10
end_of_record
TN:
SF:dist\controllers\dashboardController.js
FN:2,(anonymous_0)
FN:3,adopt
FN:3,(anonymous_2)
FN:4,(anonymous_3)
FN:5,fulfilled
FN:6,rejected
FN:7,step
FN:17,(anonymous_7)
FN:17,(anonymous_8)
FN:39,(anonymous_9)
FN:39,(anonymous_10)
FN:51,(anonymous_11)
FN:51,(anonymous_12)
FN:57,(anonymous_13)
FN:70,(anonymous_14)
FN:70,(anonymous_15)
FN:109,(anonymous_16)
FN:109,(anonymous_17)
FN:117,(anonymous_18)
FN:118,(anonymous_19)
FN:119,(anonymous_20)
FN:138,(anonymous_21)
FN:138,(anonymous_22)
FNF:23
FNH:0
FNDA:0,(anonymous_0)
FNDA:0,adopt
FNDA:0,(anonymous_2)
FNDA:0,(anonymous_3)
FNDA:0,fulfilled
FNDA:0,rejected
FNDA:0,step
FNDA:0,(anonymous_7)
FNDA:0,(anonymous_8)
FNDA:0,(anonymous_9)
FNDA:0,(anonymous_10)
FNDA:0,(anonymous_11)
FNDA:0,(anonymous_12)
FNDA:0,(anonymous_13)
FNDA:0,(anonymous_14)
FNDA:0,(anonymous_15)
FNDA:0,(anonymous_16)
FNDA:0,(anonymous_17)
FNDA:0,(anonymous_18)
FNDA:0,(anonymous_19)
FNDA:0,(anonymous_20)
FNDA:0,(anonymous_21)
FNDA:0,(anonymous_22)
DA:2,1
DA:3,0
DA:4,0
DA:5,0
DA:6,0
DA:7,0
DA:8,0
DA:11,1
DA:12,1
DA:13,1
DA:17,1
DA:18,0
DA:20,0
DA:28,0
DA:31,0
DA:32,0
DA:35,1
DA:39,1
DA:41,0
DA:42,0
DA:44,0
DA:51,0
DA:52,0
DA:57,0
DA:59,0
DA:62,0
DA:63,0
DA:66,1
DA:70,1
DA:72,0
DA:73,0
DA:75,0
DA:76,0
DA:77,0
DA:78,0
DA:80,0
DA:98,0
DA:101,0
DA:102,0
DA:105,1
DA:109,1
DA:111,0
DA:112,0
DA:114,0
DA:117,0
DA:118,0
DA:119,0
DA:121,0
DA:127,0
DA:130,0
DA:131,0
DA:134,1
DA:138,1
DA:140,0
DA:141,0
DA:142,0
DA:150,0
DA:153,0
DA:154,0
DA:157,1
LF:60
LH:14
BRDA:2,0,0,1
BRDA:2,0,1,1
BRDA:2,0,2,1
BRDA:3,1,0,0
BRDA:3,1,1,0
BRDA:4,2,0,0
BRDA:4,2,1,0
BRDA:7,3,0,0
BRDA:7,3,1,0
BRDA:8,4,0,0
BRDA:8,4,1,0
BRDA:41,5,0,0
BRDA:41,5,1,0
BRDA:41,6,0,0
BRDA:41,6,1,0
BRDA:72,7,0,0
BRDA:72,7,1,0
BRDA:72,8,0,0
BRDA:72,8,1,0
BRDA:82,9,0,0
BRDA:82,9,1,0
BRDA:82,10,0,0
BRDA:82,10,1,0
BRDA:82,11,0,0
BRDA:82,11,1,0
BRDA:86,12,0,0
BRDA:86,12,1,0
BRDA:86,13,0,0
BRDA:86,13,1,0
BRDA:86,14,0,0
BRDA:86,14,1,0
BRDA:90,15,0,0
BRDA:90,15,1,0
BRDA:90,16,0,0
BRDA:90,16,1,0
BRDA:90,17,0,0
BRDA:90,17,1,0
BRDA:94,18,0,0
BRDA:94,18,1,0
BRDA:94,19,0,0
BRDA:94,19,1,0
BRDA:94,20,0,0
BRDA:94,20,1,0
BRDA:111,21,0,0
BRDA:111,21,1,0
BRDA:111,22,0,0
BRDA:111,22,1,0
BRDA:140,23,0,0
BRDA:140,23,1,0
BRDA:140,24,0,0
BRDA:140,24,1,0
BRF:51
BRH:3
end_of_record
TN:
SF:dist\controllers\discussionController.js
FN:2,(anonymous_0)
FN:3,adopt
FN:3,(anonymous_2)
FN:4,(anonymous_3)
FN:5,fulfilled
FN:6,rejected
FN:7,step
FN:11,(anonymous_7)
FN:20,(anonymous_8)
FN:20,(anonymous_9)
FN:79,(anonymous_10)
FN:79,(anonymous_11)
FN:124,(anonymous_12)
FN:124,(anonymous_13)
FN:157,(anonymous_14)
FN:157,(anonymous_15)
FN:186,(anonymous_16)
FN:209,(anonymous_17)
FN:209,(anonymous_18)
FN:259,(anonymous_19)
FN:259,(anonymous_20)
FN:304,(anonymous_21)
FN:304,(anonymous_22)
FN:326,(anonymous_23)
FN:326,(anonymous_24)
FN:361,(anonymous_25)
FN:361,(anonymous_26)
FN:448,(anonymous_27)
FN:448,(anonymous_28)
FN:535,(anonymous_29)
FN:535,(anonymous_30)
FNF:31
FNH:8
FNDA:1,(anonymous_0)
FNDA:2,adopt
FNDA:0,(anonymous_2)
FNDA:1,(anonymous_3)
FNDA:2,fulfilled
FNDA:0,rejected
FNDA:3,step
FNDA:2,(anonymous_7)
FNDA:1,(anonymous_8)
FNDA:1,(anonymous_9)
FNDA:0,(anonymous_10)
FNDA:0,(anonymous_11)
FNDA:0,(anonymous_12)
FNDA:0,(anonymous_13)
FNDA:0,(anonymous_14)
FNDA:0,(anonymous_15)
FNDA:0,(anonymous_16)
FNDA:0,(anonymous_17)
FNDA:0,(anonymous_18)
FNDA:0,(anonymous_19)
FNDA:0,(anonymous_20)
FNDA:0,(anonymous_21)
FNDA:0,(anonymous_22)
FNDA:0,(anonymous_23)
FNDA:0,(anonymous_24)
FNDA:0,(anonymous_25)
FNDA:0,(anonymous_26)
FNDA:0,(anonymous_27)
FNDA:0,(anonymous_28)
FNDA:0,(anonymous_29)
FNDA:0,(anonymous_30)
DA:2,1
DA:3,2
DA:4,1
DA:5,2
DA:6,0
DA:7,3
DA:8,1
DA:11,1
DA:12,2
DA:14,1
DA:15,1
DA:16,1
DA:17,1
DA:18,1
DA:20,1
DA:21,1
DA:22,1
DA:23,1
DA:25,1
DA:26,1
DA:27,1
DA:28,0
DA:29,0
DA:31,1
DA:32,0
DA:33,0
DA:36,1
DA:37,1
DA:38,0
DA:40,1
DA:41,0
DA:45,1
DA:48,1
DA:61,1
DA:62,1
DA:73,0
DA:74,0
DA:77,1
DA:79,1
DA:81,0
DA:82,0
DA:83,0
DA:85,0
DA:93,0
DA:94,0
DA:95,0
DA:98,0
DA:99,0
DA:100,0
DA:101,0
DA:104,0
DA:112,0
DA:118,0
DA:119,0
DA:122,1
DA:124,1
DA:125,0
DA:126,0
DA:127,0
DA:129,0
DA:130,0
DA:131,0
DA:134,0
DA:138,0
DA:145,0
DA:151,0
DA:152,0
DA:155,1
DA:157,1
DA:158,0
DA:159,0
DA:160,0
DA:161,0
DA:163,0
DA:164,0
DA:165,0
DA:166,0
DA:169,0
DA:170,0
DA:171,0
DA:174,0
DA:175,0
DA:176,0
DA:177,0
DA:178,0
DA:179,0
DA:180,0
DA:181,0
DA:182,0
DA:183,0
DA:186,0
DA:187,0
DA:188,0
DA:190,0
DA:197,0
DA:203,0
DA:204,0
DA:207,1
DA:209,1
DA:210,0
DA:211,0
DA:212,0
DA:214,0
DA:215,0
DA:216,0
DA:217,0
DA:220,0
DA:221,0
DA:222,0
DA:225,0
DA:226,0
DA:228,0
DA:230,0
DA:232,0
DA:234,0
DA:236,0
DA:237,0
DA:238,0
DA:239,0
DA:243,0
DA:244,0
DA:248,0
DA:249,0
DA:253,0
DA:254,0
DA:257,1
DA:259,1
DA:260,0
DA:261,0
DA:262,0
DA:263,0
DA:265,0
DA:266,0
DA:267,0
DA:270,0
DA:271,0
DA:272,0
DA:273,0
DA:276,0
DA:277,0
DA:278,0
DA:279,0
DA:280,0
DA:284,0
DA:286,0
DA:292,0
DA:298,0
DA:299,0
DA:302,1
DA:304,1
DA:305,0
DA:306,0
DA:307,0
DA:309,0
DA:313,0
DA:314,0
DA:315,0
DA:318,0
DA:319,0
DA:320,0
DA:323,0
DA:324,0
DA:326,0
DA:328,0
DA:330,0
DA:331,0
DA:334,0
DA:336,0
DA:339,0
DA:341,0
DA:343,0
DA:345,0
DA:346,0
DA:350,0
DA:351,0
DA:355,0
DA:356,0
DA:359,1
DA:361,1
DA:362,0
DA:363,0
DA:364,0
DA:365,0
DA:366,0
DA:367,0
DA:368,0
DA:371,0
DA:372,0
DA:373,0
DA:374,0
DA:377,0
DA:379,0
DA:380,0
DA:381,0
DA:382,0
DA:383,0
DA:385,0
DA:387,0
DA:389,0
DA:390,0
DA:391,0
DA:394,0
DA:395,0
DA:400,0
DA:402,0
DA:403,0
DA:406,0
DA:412,0
DA:414,0
DA:415,0
DA:418,0
DA:422,0
DA:424,0
DA:426,0
DA:437,0
DA:438,0
DA:442,0
DA:443,0
DA:446,1
DA:448,1
DA:449,0
DA:450,0
DA:451,0
DA:452,0
DA:453,0
DA:454,0
DA:455,0
DA:458,0
DA:459,0
DA:460,0
DA:461,0
DA:464,0
DA:466,0
DA:467,0
DA:468,0
DA:469,0
DA:470,0
DA:472,0
DA:474,0
DA:476,0
DA:477,0
DA:478,0
DA:481,0
DA:482,0
DA:487,0
DA:489,0
DA:490,0
DA:493,0
DA:499,0
DA:501,0
DA:502,0
DA:505,0
DA:509,0
DA:511,0
DA:513,0
DA:524,0
DA:525,0
DA:529,0
DA:530,0
DA:533,1
DA:535,1
DA:536,0
DA:537,0
DA:538,0
DA:539,0
DA:540,0
DA:541,0
DA:544,0
DA:545,0
DA:546,0
DA:547,0
DA:549,0
DA:550,0
DA:552,0
DA:553,0
DA:556,0
DA:557,0
DA:558,0
DA:559,0
DA:563,0
DA:564,0
DA:565,0
DA:572,0
DA:573,0
DA:575,0
DA:576,0
DA:579,1
LF:287
LH:47
BRDA:2,0,0,1
BRDA:2,0,1,1
BRDA:2,0,2,1
BRDA:3,1,0,2
BRDA:3,1,1,0
BRDA:4,2,0,1
BRDA:4,2,1,1
BRDA:7,3,0,1
BRDA:7,3,1,2
BRDA:8,4,0,1
BRDA:8,4,1,1
BRDA:11,5,0,1
BRDA:11,5,1,1
BRDA:11,5,2,1
BRDA:12,6,0,0
BRDA:12,6,1,2
BRDA:12,7,0,2
BRDA:12,7,1,2
BRDA:22,8,0,0
BRDA:22,9,0,0
BRDA:23,10,0,1
BRDA:23,10,1,0
BRDA:23,11,0,1
BRDA:23,11,1,0
BRDA:27,12,0,0
BRDA:27,12,1,1
BRDA:31,13,0,0
BRDA:31,13,1,1
BRDA:37,14,0,0
BRDA:37,14,1,1
BRDA:40,15,0,0
BRDA:40,15,1,1
BRDA:59,16,0,1
BRDA:59,16,1,0
BRDA:66,17,0,1
BRDA:66,17,1,0
BRDA:67,18,0,1
BRDA:67,18,1,0
BRDA:68,19,0,1
BRDA:68,19,1,0
BRDA:83,20,0,0
BRDA:83,20,1,0
BRDA:83,21,0,0
BRDA:83,21,1,0
BRDA:93,22,0,0
BRDA:93,22,1,0
BRDA:99,23,0,0
BRDA:99,23,1,0
BRDA:101,24,0,0
BRDA:101,24,1,0
BRDA:111,25,0,0
BRDA:111,25,1,0
BRDA:129,26,0,0
BRDA:129,26,1,0
BRDA:129,27,0,0
BRDA:129,27,1,0
BRDA:129,27,2,0
BRDA:136,28,0,0
BRDA:136,28,1,0
BRDA:164,29,0,0
BRDA:164,29,1,0
BRDA:169,30,0,0
BRDA:169,30,1,0
BRDA:175,31,0,0
BRDA:175,31,1,0
BRDA:177,32,0,0
BRDA:177,32,1,0
BRDA:179,33,0,0
BRDA:179,33,1,0
BRDA:181,34,0,0
BRDA:181,34,1,0
BRDA:215,35,0,0
BRDA:215,35,1,0
BRDA:220,36,0,0
BRDA:220,36,1,0
BRDA:236,37,0,0
BRDA:236,37,1,0
BRDA:238,38,0,0
BRDA:238,38,1,0
BRDA:265,39,0,0
BRDA:265,39,1,0
BRDA:271,40,0,0
BRDA:271,40,1,0
BRDA:276,41,0,0
BRDA:276,41,1,0
BRDA:278,42,0,0
BRDA:278,42,1,0
BRDA:284,43,0,0
BRDA:284,43,1,0
BRDA:313,44,0,0
BRDA:313,44,1,0
BRDA:318,45,0,0
BRDA:318,45,1,0
BRDA:318,46,0,0
BRDA:318,46,1,0
BRDA:366,47,0,0
BRDA:366,47,1,0
BRDA:366,48,0,0
BRDA:366,48,1,0
BRDA:366,48,2,0
BRDA:372,49,0,0
BRDA:372,49,1,0
BRDA:383,50,0,0
BRDA:383,50,1,0
BRDA:385,51,0,0
BRDA:385,51,1,0
BRDA:389,52,0,0
BRDA:389,52,1,0
BRDA:402,53,0,0
BRDA:402,53,1,0
BRDA:414,54,0,0
BRDA:414,54,1,0
BRDA:431,55,0,0
BRDA:431,55,1,0
BRDA:431,56,0,0
BRDA:431,56,1,0
BRDA:431,57,0,0
BRDA:431,57,1,0
BRDA:453,58,0,0
BRDA:453,58,1,0
BRDA:453,59,0,0
BRDA:453,59,1,0
BRDA:453,59,2,0
BRDA:459,60,0,0
BRDA:459,60,1,0
BRDA:470,61,0,0
BRDA:470,61,1,0
BRDA:472,62,0,0
BRDA:472,62,1,0
BRDA:476,63,0,0
BRDA:476,63,1,0
BRDA:489,64,0,0
BRDA:489,64,1,0
BRDA:501,65,0,0
BRDA:501,65,1,0
BRDA:518,66,0,0
BRDA:518,66,1,0
BRDA:518,67,0,0
BRDA:518,67,1,0
BRDA:518,68,0,0
BRDA:518,68,1,0
BRDA:539,69,0,0
BRDA:539,69,1,0
BRDA:545,70,0,0
BRDA:545,70,1,0
BRDA:549,71,0,0
BRDA:549,71,1,0
BRDA:556,72,0,0
BRDA:556,72,1,0
BRDA:558,73,0,0
BRDA:558,73,1,0
BRDA:572,74,0,0
BRDA:572,74,1,0
BRF:153
BRH:26
end_of_record
TN:
SF:dist\controllers\eventController.js
FN:2,(anonymous_0)
FN:6,(anonymous_1)
FN:9,(anonymous_2)
FN:13,(anonymous_3)
FN:15,(anonymous_4)
FN:18,(anonymous_5)
FN:19,(anonymous_6)
FN:20,(anonymous_7)
FN:27,(anonymous_8)
FN:35,(anonymous_9)
FN:36,adopt
FN:36,(anonymous_11)
FN:37,(anonymous_12)
FN:38,fulfilled
FN:39,rejected
FN:40,step
FN:48,(anonymous_16)
FN:48,(anonymous_17)
FN:86,(anonymous_18)
FN:86,(anonymous_19)
FN:126,(anonymous_20)
FN:126,(anonymous_21)
FN:183,(anonymous_22)
FN:183,(anonymous_23)
FN:230,(anonymous_24)
FN:230,(anonymous_25)
FN:262,(anonymous_26)
FN:262,(anonymous_27)
FN:300,(anonymous_28)
FN:300,(anonymous_29)
FN:340,(anonymous_30)
FN:340,(anonymous_31)
FN:375,(anonymous_32)
FN:375,(anonymous_33)
FN:419,(anonymous_34)
FN:419,(anonymous_35)
FN:442,(anonymous_36)
FN:442,(anonymous_37)
FN:477,(anonymous_38)
FN:477,(anonymous_39)
FN:562,(anonymous_40)
FN:562,(anonymous_41)
FNF:42
FNH:9
FNDA:0,(anonymous_0)
FNDA:0,(anonymous_1)
FNDA:0,(anonymous_2)
FNDA:0,(anonymous_3)
FNDA:0,(anonymous_4)
FNDA:1,(anonymous_5)
FNDA:0,(anonymous_6)
FNDA:0,(anonymous_7)
FNDA:1,(anonymous_8)
FNDA:1,(anonymous_9)
FNDA:1,adopt
FNDA:0,(anonymous_11)
FNDA:1,(anonymous_12)
FNDA:1,fulfilled
FNDA:0,rejected
FNDA:2,step
FNDA:0,(anonymous_16)
FNDA:0,(anonymous_17)
FNDA:1,(anonymous_18)
FNDA:1,(anonymous_19)
FNDA:0,(anonymous_20)
FNDA:0,(anonymous_21)
FNDA:0,(anonymous_22)
FNDA:0,(anonymous_23)
FNDA:0,(anonymous_24)
FNDA:0,(anonymous_25)
FNDA:0,(anonymous_26)
FNDA:0,(anonymous_27)
FNDA:0,(anonymous_28)
FNDA:0,(anonymous_29)
FNDA:0,(anonymous_30)
FNDA:0,(anonymous_31)
FNDA:0,(anonymous_32)
FNDA:0,(anonymous_33)
FNDA:0,(anonymous_34)
FNDA:0,(anonymous_35)
FNDA:0,(anonymous_36)
FNDA:0,(anonymous_37)
FNDA:0,(anonymous_38)
FNDA:0,(anonymous_39)
FNDA:0,(anonymous_40)
FNDA:0,(anonymous_41)
DA:2,1
DA:3,0
DA:4,0
DA:5,0
DA:6,0
DA:8,0
DA:10,0
DA:11,0
DA:13,1
DA:14,0
DA:16,0
DA:18,1
DA:19,1
DA:20,0
DA:21,0
DA:22,0
DA:23,0
DA:25,0
DA:27,1
DA:28,1
DA:29,0
DA:30,0
DA:31,0
DA:32,0
DA:35,1
DA:36,1
DA:37,1
DA:38,1
DA:39,0
DA:40,2
DA:41,1
DA:44,1
DA:45,1
DA:46,1
DA:48,1
DA:49,0
DA:50,0
DA:51,0
DA:53,0
DA:54,0
DA:57,0
DA:60,0
DA:68,0
DA:70,0
DA:74,0
DA:80,0
DA:81,0
DA:84,1
DA:86,1
DA:87,1
DA:88,1
DA:89,1
DA:97,1
DA:99,1
DA:100,0
DA:101,0
DA:103,1
DA:104,0
DA:105,0
DA:107,1
DA:108,0
DA:109,0
DA:111,1
DA:112,0
DA:113,0
DA:115,1
DA:116,1
DA:117,1
DA:120,0
DA:121,0
DA:124,1
DA:126,1
DA:128,0
DA:129,0
DA:130,0
DA:132,0
DA:136,0
DA:137,0
DA:138,0
DA:141,0
DA:147,0
DA:155,0
DA:156,0
DA:157,0
DA:158,0
DA:161,0
DA:162,0
DA:163,0
DA:164,0
DA:165,0
DA:168,0
DA:177,0
DA:178,0
DA:181,1
DA:183,1
DA:184,0
DA:185,0
DA:186,0
DA:188,0
DA:189,0
DA:190,0
DA:191,0
DA:193,0
DA:194,0
DA:195,0
DA:197,0
DA:199,0
DA:214,0
DA:218,0
DA:224,0
DA:225,0
DA:228,1
DA:230,1
DA:231,0
DA:232,0
DA:233,0
DA:235,0
DA:236,0
DA:237,0
DA:238,0
DA:240,0
DA:241,0
DA:242,0
DA:244,0
DA:246,0
DA:247,0
DA:248,0
DA:250,0
DA:251,0
DA:252,0
DA:255,0
DA:256,0
DA:257,0
DA:260,1
DA:262,1
DA:263,0
DA:264,0
DA:265,0
DA:267,0
DA:268,0
DA:269,0
DA:270,0
DA:273,0
DA:274,0
DA:275,0
DA:276,0
DA:279,0
DA:280,0
DA:282,0
DA:283,0
DA:287,0
DA:289,0
DA:290,0
DA:294,0
DA:295,0
DA:298,1
DA:300,1
DA:301,0
DA:302,0
DA:303,0
DA:305,0
DA:306,0
DA:307,0
DA:308,0
DA:311,0
DA:312,0
DA:313,0
DA:314,0
DA:317,0
DA:319,0
DA:321,0
DA:323,0
DA:324,0
DA:326,0
DA:328,0
DA:331,0
DA:334,0
DA:335,0
DA:338,1
DA:340,1
DA:341,0
DA:342,0
DA:343,0
DA:345,0
DA:346,0
DA:347,0
DA:348,0
DA:351,0
DA:352,0
DA:354,0
DA:355,0
DA:359,0
DA:362,0
DA:363,0
DA:369,0
DA:370,0
DA:373,1
DA:375,1
DA:376,0
DA:377,0
DA:378,0
DA:379,0
DA:380,0
DA:381,0
DA:382,0
DA:385,0
DA:386,0
DA:387,0
DA:388,0
DA:391,0
DA:392,0
DA:393,0
DA:394,0
DA:395,0
DA:399,0
DA:401,0
DA:407,0
DA:413,0
DA:414,0
DA:417,1
DA:419,1
DA:420,0
DA:421,0
DA:422,0
DA:424,0
DA:428,0
DA:429,0
DA:430,0
DA:433,0
DA:434,0
DA:435,0
DA:438,0
DA:439,0
DA:442,0
DA:444,0
DA:446,0
DA:447,0
DA:450,0
DA:452,0
DA:455,0
DA:457,0
DA:459,0
DA:461,0
DA:462,0
DA:466,0
DA:467,0
DA:471,0
DA:472,0
DA:475,1
DA:477,1
DA:478,0
DA:479,0
DA:480,0
DA:481,0
DA:482,0
DA:483,0
DA:484,0
DA:487,0
DA:488,0
DA:489,0
DA:490,0
DA:493,0
DA:495,0
DA:496,0
DA:497,0
DA:498,0
DA:499,0
DA:501,0
DA:503,0
DA:505,0
DA:506,0
DA:507,0
DA:510,0
DA:511,0
DA:516,0
DA:518,0
DA:519,0
DA:522,0
DA:528,0
DA:530,0
DA:531,0
DA:534,0
DA:538,0
DA:539,0
DA:540,0
DA:551,0
DA:552,0
DA:556,0
DA:557,0
DA:560,1
DA:562,1
DA:563,0
DA:564,0
DA:565,0
DA:567,0
DA:568,0
DA:569,0
DA:570,0
DA:572,0
DA:573,0
DA:574,0
DA:577,0
DA:578,0
DA:579,0
DA:582,0
DA:584,0
DA:589,0
DA:593,0
DA:599,0
DA:600,0
DA:603,1
LF:311
LH:50
BRDA:2,0,0,1
BRDA:2,0,1,1
BRDA:2,0,2,1
BRDA:2,1,0,1
BRDA:2,1,1,0
BRDA:3,2,0,0
BRDA:3,2,1,0
BRDA:5,3,0,0
BRDA:5,3,1,0
BRDA:5,4,0,0
BRDA:5,4,1,0
BRDA:5,5,0,0
BRDA:5,5,1,0
BRDA:5,6,0,0
BRDA:5,6,1,0
BRDA:10,7,0,0
BRDA:10,7,1,0
BRDA:13,8,0,1
BRDA:13,8,1,1
BRDA:13,8,2,1
BRDA:13,9,0,1
BRDA:13,9,1,0
BRDA:18,10,0,1
BRDA:18,10,1,1
BRDA:18,10,2,1
BRDA:20,11,0,0
BRDA:20,11,1,0
BRDA:22,12,0,0
BRDA:22,12,1,0
BRDA:28,13,0,1
BRDA:28,13,1,0
BRDA:28,14,0,1
BRDA:28,14,1,1
BRDA:30,15,0,0
BRDA:30,15,1,0
BRDA:30,16,0,0
BRDA:30,16,1,0
BRDA:35,17,0,1
BRDA:35,17,1,1
BRDA:35,17,2,1
BRDA:36,18,0,1
BRDA:36,18,1,0
BRDA:37,19,0,1
BRDA:37,19,1,1
BRDA:40,20,0,1
BRDA:40,20,1,1
BRDA:41,21,0,1
BRDA:41,21,1,1
BRDA:53,22,0,0
BRDA:53,22,1,0
BRDA:53,23,0,0
BRDA:53,23,1,0
BRDA:53,23,2,0
BRDA:53,23,3,0
BRDA:53,23,4,0
BRDA:53,23,5,0
BRDA:99,24,0,0
BRDA:99,24,1,1
BRDA:103,25,0,0
BRDA:103,25,1,1
BRDA:107,26,0,0
BRDA:107,26,1,1
BRDA:111,27,0,0
BRDA:111,27,1,1
BRDA:130,28,0,0
BRDA:130,28,1,0
BRDA:130,29,0,0
BRDA:130,29,1,0
BRDA:136,30,0,0
BRDA:136,30,1,0
BRDA:153,31,0,0
BRDA:153,31,1,0
BRDA:156,32,0,0
BRDA:156,32,1,0
BRDA:162,33,0,0
BRDA:162,33,1,0
BRDA:164,34,0,0
BRDA:164,34,1,0
BRDA:189,35,0,0
BRDA:189,35,1,0
BRDA:193,36,0,0
BRDA:193,36,1,0
BRDA:236,37,0,0
BRDA:236,37,1,0
BRDA:240,38,0,0
BRDA:240,38,1,0
BRDA:268,39,0,0
BRDA:268,39,1,0
BRDA:274,40,0,0
BRDA:274,40,1,0
BRDA:280,41,0,0
BRDA:280,41,1,0
BRDA:306,42,0,0
BRDA:306,42,1,0
BRDA:312,43,0,0
BRDA:312,43,1,0
BRDA:319,44,0,0
BRDA:319,44,1,0
BRDA:324,45,0,0
BRDA:324,45,1,0
BRDA:346,46,0,0
BRDA:346,46,1,0
BRDA:352,47,0,0
BRDA:352,47,1,0
BRDA:380,48,0,0
BRDA:380,48,1,0
BRDA:380,49,0,0
BRDA:380,49,1,0
BRDA:386,50,0,0
BRDA:386,50,1,0
BRDA:391,51,0,0
BRDA:391,51,1,0
BRDA:393,52,0,0
BRDA:393,52,1,0
BRDA:399,53,0,0
BRDA:399,53,1,0
BRDA:428,54,0,0
BRDA:428,54,1,0
BRDA:433,55,0,0
BRDA:433,55,1,0
BRDA:433,56,0,0
BRDA:433,56,1,0
BRDA:482,57,0,0
BRDA:482,57,1,0
BRDA:482,58,0,0
BRDA:482,58,1,0
BRDA:482,58,2,0
BRDA:488,59,0,0
BRDA:488,59,1,0
BRDA:499,60,0,0
BRDA:499,60,1,0
BRDA:501,61,0,0
BRDA:501,61,1,0
BRDA:505,62,0,0
BRDA:505,62,1,0
BRDA:518,63,0,0
BRDA:518,63,1,0
BRDA:530,64,0,0
BRDA:530,64,1,0
BRDA:546,65,0,0
BRDA:546,65,1,0
BRDA:546,66,0,0
BRDA:546,66,1,0
BRDA:568,67,0,0
BRDA:568,67,1,0
BRDA:572,68,0,0
BRDA:572,68,1,0
BRDA:577,69,0,0
BRDA:577,69,1,0
BRF:149
BRH:28
end_of_record
TN:
SF:dist\controllers\messageController.js
FN:2,(anonymous_0)
FN:3,adopt
FN:3,(anonymous_2)
FN:4,(anonymous_3)
FN:5,fulfilled
FN:6,rejected
FN:7,step
FN:15,(anonymous_7)
FN:15,(anonymous_8)
FN:30,(anonymous_9)
FN:30,(anonymous_10)
FN:120,(anonymous_11)
FN:120,(anonymous_12)
FN:160,(anonymous_13)
FN:200,(anonymous_14)
FN:200,(anonymous_15)
FN:303,(anonymous_16)
FN:303,(anonymous_17)
FN:365,(anonymous_18)
FN:365,(anonymous_19)
FN:413,(anonymous_20)
FN:413,(anonymous_21)
FNF:22
FNH:0
FNDA:0,(anonymous_0)
FNDA:0,adopt
FNDA:0,(anonymous_2)
FNDA:0,(anonymous_3)
FNDA:0,fulfilled
FNDA:0,rejected
FNDA:0,step
FNDA:0,(anonymous_7)
FNDA:0,(anonymous_8)
FNDA:0,(anonymous_9)
FNDA:0,(anonymous_10)
FNDA:0,(anonymous_11)
FNDA:0,(anonymous_12)
FNDA:0,(anonymous_13)
FNDA:0,(anonymous_14)
FNDA:0,(anonymous_15)
FNDA:0,(anonymous_16)
FNDA:0,(anonymous_17)
FNDA:0,(anonymous_18)
FNDA:0,(anonymous_19)
FNDA:0,(anonymous_20)
FNDA:0,(anonymous_21)
DA:2,1
DA:3,0
DA:4,0
DA:5,0
DA:6,0
DA:7,0
DA:8,0
DA:11,1
DA:12,1
DA:13,1
DA:15,1
DA:16,0
DA:17,0
DA:19,0
DA:30,0
DA:32,0
DA:43,0
DA:58,0
DA:64,0
DA:65,0
DA:66,0
DA:67,0
DA:68,0
DA:69,0
DA:70,0
DA:71,0
DA:72,0
DA:73,0
DA:74,0
DA:75,0
DA:77,0
DA:78,0
DA:80,0
DA:81,0
DA:83,0
DA:84,0
DA:86,0
DA:87,0
DA:90,0
DA:93,0
DA:111,0
DA:114,0
DA:115,0
DA:118,1
DA:120,1
DA:121,0
DA:122,0
DA:123,0
DA:125,0
DA:129,0
DA:130,0
DA:133,0
DA:154,0
DA:160,0
DA:161,0
DA:162,0
DA:163,0
DA:164,0
DA:166,0
DA:167,0
DA:169,0
DA:170,0
DA:173,0
DA:175,0
DA:191,0
DA:194,0
DA:195,0
DA:198,1
DA:200,1
DA:201,0
DA:202,0
DA:203,0
DA:204,0
DA:205,0
DA:206,0
DA:209,0
DA:213,0
DA:214,0
DA:217,0
DA:218,0
DA:219,0
DA:220,0
DA:226,0
DA:227,0
DA:228,0
DA:231,0
DA:235,0
DA:240,0
DA:242,0
DA:248,0
DA:266,0
DA:267,0
DA:269,0
DA:270,0
DA:273,0
DA:275,0
DA:291,0
DA:297,0
DA:298,0
DA:301,1
DA:303,1
DA:304,0
DA:305,0
DA:306,0
DA:307,0
DA:308,0
DA:311,0
DA:312,0
DA:315,0
DA:316,0
DA:317,0
DA:318,0
DA:322,0
DA:323,0
DA:339,0
DA:341,0
DA:345,0
DA:348,0
DA:350,0
DA:351,0
DA:356,0
DA:359,0
DA:360,0
DA:363,1
DA:365,1
DA:366,0
DA:367,0
DA:368,0
DA:370,0
DA:374,0
DA:375,0
DA:378,0
DA:383,0
DA:384,0
DA:387,0
DA:397,0
DA:407,0
DA:408,0
DA:411,1
DA:413,1
DA:414,0
DA:415,0
DA:416,0
DA:418,0
DA:422,0
DA:423,0
DA:426,0
DA:430,0
DA:431,0
DA:434,0
DA:435,0
DA:438,0
DA:443,0
DA:446,0
DA:447,0
DA:450,1
LF:156
LH:16
BRDA:2,0,0,1
BRDA:2,0,1,1
BRDA:2,0,2,1
BRDA:3,1,0,0
BRDA:3,1,1,0
BRDA:4,2,0,0
BRDA:4,2,1,0
BRDA:7,3,0,0
BRDA:7,3,1,0
BRDA:8,4,0,0
BRDA:8,4,1,0
BRDA:66,5,0,0
BRDA:66,5,1,0
BRDA:74,6,0,0
BRDA:74,6,1,0
BRDA:77,7,0,0
BRDA:77,7,1,0
BRDA:80,8,0,0
BRDA:80,8,1,0
BRDA:83,9,0,0
BRDA:83,9,1,0
BRDA:86,10,0,0
BRDA:86,10,1,0
BRDA:96,11,0,0
BRDA:96,11,1,0
BRDA:106,12,0,0
BRDA:106,12,1,0
BRDA:129,13,0,0
BRDA:129,13,1,0
BRDA:166,14,0,0
BRDA:166,14,1,0
BRDA:169,15,0,0
BRDA:169,15,1,0
BRDA:205,16,0,0
BRDA:205,16,1,0
BRDA:205,17,0,0
BRDA:205,17,1,0
BRDA:213,18,0,0
BRDA:213,18,1,0
BRDA:219,19,0,0
BRDA:219,19,1,0
BRDA:226,20,0,0
BRDA:226,20,1,0
BRDA:238,21,0,0
BRDA:238,21,1,0
BRDA:269,22,0,0
BRDA:269,22,1,0
BRDA:307,23,0,0
BRDA:307,23,1,0
BRDA:307,24,0,0
BRDA:307,24,1,0
BRDA:307,24,2,0
BRDA:311,25,0,0
BRDA:311,25,1,0
BRDA:317,26,0,0
BRDA:317,26,1,0
BRDA:322,27,0,0
BRDA:322,27,1,0
BRDA:339,28,0,0
BRDA:339,28,1,0
BRDA:374,29,0,0
BRDA:374,29,1,0
BRDA:383,30,0,0
BRDA:383,30,1,0
BRDA:422,31,0,0
BRDA:422,31,1,0
BRDA:430,32,0,0
BRDA:430,32,1,0
BRDA:434,33,0,0
BRDA:434,33,1,0
BRF:70
BRH:3
end_of_record
TN:
SF:dist\controllers\notificationController.js
FN:2,(anonymous_0)
FN:9,(anonymous_1)
FN:13,(anonymous_2)
FN:23,(anonymous_3)
FN:26,(anonymous_4)
FN:36,(anonymous_5)
FN:41,(anonymous_6)
FN:54,(anonymous_7)
FN:58,(anonymous_8)
FN:68,(anonymous_9)
FN:72,(anonymous_10)
FN:85,(anonymous_11)
FN:86,(anonymous_12)
FN:88,(anonymous_13)
FNF:14
FNH:1
FNDA:1,(anonymous_0)
FNDA:0,(anonymous_1)
FNDA:0,(anonymous_2)
FNDA:0,(anonymous_3)
FNDA:0,(anonymous_4)
FNDA:0,(anonymous_5)
FNDA:0,(anonymous_6)
FNDA:0,(anonymous_7)
FNDA:0,(anonymous_8)
FNDA:0,(anonymous_9)
FNDA:0,(anonymous_10)
FNDA:0,(anonymous_11)
FNDA:0,(anonymous_12)
FNDA:0,(anonymous_13)
DA:2,1
DA:3,1
DA:5,1
DA:6,1
DA:7,1
DA:9,1
DA:10,0
DA:11,0
DA:14,0
DA:15,0
DA:16,0
DA:18,0
DA:21,1
DA:23,1
DA:24,0
DA:25,0
DA:27,0
DA:28,0
DA:29,0
DA:31,0
DA:34,1
DA:36,1
DA:37,0
DA:38,0
DA:39,0
DA:42,0
DA:43,0
DA:44,0
DA:46,0
DA:47,0
DA:49,0
DA:52,1
DA:54,1
DA:55,0
DA:56,0
DA:59,0
DA:60,0
DA:61,0
DA:63,0
DA:66,1
DA:68,1
DA:69,0
DA:70,0
DA:71,0
DA:73,0
DA:74,0
DA:75,0
DA:77,0
DA:78,0
DA:80,0
DA:83,1
DA:85,1
DA:86,0
DA:87,0
DA:89,0
DA:90,0
DA:91,0
DA:92,0
DA:94,0
DA:98,1
LF:60
LH:17
BRDA:2,0,0,1
BRDA:2,0,1,1
BRDA:2,0,2,1
BRDA:3,1,0,1
BRDA:3,1,1,0
BRDA:3,2,0,1
BRDA:3,2,1,1
BRDA:14,3,0,0
BRDA:14,3,1,0
BRDA:27,4,0,0
BRDA:27,4,1,0
BRDA:42,5,0,0
BRDA:42,5,1,0
BRDA:46,6,0,0
BRDA:46,6,1,0
BRDA:59,7,0,0
BRDA:59,7,1,0
BRDA:73,8,0,0
BRDA:73,8,1,0
BRDA:77,9,0,0
BRDA:77,9,1,0
BRDA:88,10,0,0
BRDA:88,10,1,0
BRDA:89,11,0,0
BRDA:89,11,1,0
BRF:25
BRH:6
end_of_record
TN:
SF:dist\controllers\userController.js
FN:2,(anonymous_0)
FN:3,adopt
FN:3,(anonymous_2)
FN:4,(anonymous_3)
FN:5,fulfilled
FN:6,rejected
FN:7,step
FN:11,(anonymous_7)
FN:27,(anonymous_8)
FN:27,(anonymous_9)
FN:67,(anonymous_10)
FN:67,(anonymous_11)
FN:104,(anonymous_12)
FN:104,(anonymous_13)
FN:122,(anonymous_14)
FN:122,(anonymous_15)
FN:148,(anonymous_16)
FN:148,(anonymous_17)
FN:168,(anonymous_18)
FN:168,(anonymous_19)
FN:186,(anonymous_20)
FN:186,(anonymous_21)
FN:200,(anonymous_22)
FN:200,(anonymous_23)
FN:218,(anonymous_24)
FN:218,(anonymous_25)
FN:244,(anonymous_26)
FN:244,(anonymous_27)
FN:278,(anonymous_28)
FN:278,(anonymous_29)
FN:350,(anonymous_30)
FN:350,(anonymous_31)
FNF:32
FNH:13
FNDA:9,(anonymous_0)
FNDA:11,adopt
FNDA:0,(anonymous_2)
FNDA:9,(anonymous_3)
FNDA:11,fulfilled
FNDA:0,rejected
FNDA:20,step
FNDA:0,(anonymous_7)
FNDA:1,(anonymous_8)
FNDA:1,(anonymous_9)
FNDA:5,(anonymous_10)
FNDA:5,(anonymous_11)
FNDA:0,(anonymous_12)
FNDA:0,(anonymous_13)
FNDA:0,(anonymous_14)
FNDA:0,(anonymous_15)
FNDA:0,(anonymous_16)
FNDA:0,(anonymous_17)
FNDA:0,(anonymous_18)
FNDA:0,(anonymous_19)
FNDA:2,(anonymous_20)
FNDA:2,(anonymous_21)
FNDA:1,(anonymous_22)
FNDA:1,(anonymous_23)
FNDA:0,(anonymous_24)
FNDA:0,(anonymous_25)
FNDA:0,(anonymous_26)
FNDA:0,(anonymous_27)
FNDA:0,(anonymous_28)
FNDA:0,(anonymous_29)
FNDA:0,(anonymous_30)
FNDA:0,(anonymous_31)
DA:2,1
DA:3,11
DA:4,9
DA:5,11
DA:6,0
DA:7,20
DA:8,9
DA:11,1
DA:12,0
DA:13,0
DA:14,0
DA:15,0
DA:16,0
DA:17,0
DA:18,0
DA:20,0
DA:22,1
DA:23,1
DA:24,1
DA:25,1
DA:27,1
DA:28,1
DA:29,1
DA:31,1
DA:32,0
DA:33,0
DA:36,1
DA:37,1
DA:38,1
DA:39,1
DA:42,0
DA:44,0
DA:47,0
DA:48,0
DA:61,0
DA:62,0
DA:65,1
DA:67,5
DA:68,5
DA:69,5
DA:71,5
DA:72,0
DA:73,0
DA:76,5
DA:77,5
DA:78,3
DA:79,3
DA:82,2
DA:83,2
DA:84,2
DA:85,2
DA:88,0
DA:90,0
DA:91,0
DA:98,0
DA:99,0
DA:102,1
DA:104,1
DA:105,0
DA:106,0
DA:107,0
DA:109,0
DA:110,0
DA:111,0
DA:113,0
DA:116,0
DA:117,0
DA:120,1
DA:122,1
DA:123,0
DA:124,0
DA:125,0
DA:127,0
DA:134,0
DA:136,0
DA:142,0
DA:143,0
DA:146,1
DA:148,1
DA:149,0
DA:150,0
DA:151,0
DA:159,0
DA:162,0
DA:163,0
DA:166,1
DA:168,1
DA:169,0
DA:170,0
DA:171,0
DA:177,0
DA:180,0
DA:181,0
DA:184,1
DA:186,2
DA:187,2
DA:188,2
DA:191,2
DA:194,0
DA:195,0
DA:198,1
DA:200,1
DA:201,1
DA:202,1
DA:203,1
DA:205,1
DA:206,1
DA:207,1
DA:209,0
DA:212,0
DA:213,0
DA:216,1
DA:218,1
DA:219,0
DA:220,0
DA:221,0
DA:226,0
DA:232,0
DA:238,0
DA:239,0
DA:242,1
DA:244,1
DA:245,0
DA:246,0
DA:247,0
DA:249,0
DA:250,0
DA:251,0
DA:254,0
DA:255,0
DA:256,0
DA:257,0
DA:260,0
DA:261,0
DA:262,0
DA:263,0
DA:266,0
DA:268,0
DA:269,0
DA:272,0
DA:273,0
DA:276,1
DA:278,1
DA:279,0
DA:280,0
DA:281,0
DA:283,0
DA:284,0
DA:285,0
DA:288,0
DA:289,0
DA:290,0
DA:291,0
DA:294,0
DA:295,0
DA:296,0
DA:297,0
DA:300,0
DA:301,0
DA:303,0
DA:305,0
DA:307,0
DA:309,0
DA:312,0
DA:314,0
DA:315,0
DA:317,0
DA:319,0
DA:321,0
DA:323,0
DA:326,0
DA:328,0
DA:330,0
DA:332,0
DA:335,0
DA:339,0
DA:340,0
DA:344,0
DA:345,0
DA:348,1
DA:350,1
DA:351,0
DA:352,0
DA:354,0
DA:355,0
DA:356,0
DA:359,0
DA:361,0
DA:366,0
DA:368,0
DA:374,0
DA:375,0
DA:378,1
LF:193
LH:62
BRDA:2,0,0,1
BRDA:2,0,1,1
BRDA:2,0,2,1
BRDA:3,1,0,11
BRDA:3,1,1,0
BRDA:4,2,0,9
BRDA:4,2,1,9
BRDA:7,3,0,9
BRDA:7,3,1,11
BRDA:8,4,0,9
BRDA:8,4,1,9
BRDA:11,5,0,1
BRDA:11,5,1,1
BRDA:11,5,2,1
BRDA:13,6,0,0
BRDA:13,6,1,0
BRDA:13,7,0,0
BRDA:13,7,1,0
BRDA:15,8,0,0
BRDA:15,8,1,0
BRDA:15,9,0,0
BRDA:15,9,1,0
BRDA:17,10,0,0
BRDA:17,10,1,0
BRDA:17,11,0,0
BRDA:17,11,1,0
BRDA:31,12,0,0
BRDA:31,12,1,1
BRDA:31,13,0,1
BRDA:31,13,1,1
BRDA:31,13,2,1
BRDA:37,14,0,1
BRDA:37,14,1,0
BRDA:45,15,0,0
BRDA:45,15,1,0
BRDA:45,16,0,0
BRDA:45,16,1,0
BRDA:71,17,0,0
BRDA:71,17,1,5
BRDA:71,18,0,5
BRDA:71,18,1,5
BRDA:77,19,0,3
BRDA:77,19,1,2
BRDA:83,20,0,2
BRDA:83,20,1,0
BRDA:109,21,0,0
BRDA:109,21,1,0
BRDA:205,22,0,1
BRDA:205,22,1,0
BRDA:249,23,0,0
BRDA:249,23,1,0
BRDA:249,24,0,0
BRDA:249,24,1,0
BRDA:255,25,0,0
BRDA:255,25,1,0
BRDA:261,26,0,0
BRDA:261,26,1,0
BRDA:283,27,0,0
BRDA:283,27,1,0
BRDA:289,28,0,0
BRDA:289,28,1,0
BRDA:295,29,0,0
BRDA:295,29,1,0
BRDA:354,30,0,0
BRDA:354,30,1,0
BRF:65
BRH:25
end_of_record
TN:
SF:dist\db\index.js
FN:2,(anonymous_0)
FN:14,(anonymous_1)
FN:15,(anonymous_2)
FN:16,(anonymous_3)
FN:27,(anonymous_4)
FN:28,(anonymous_5)
FN:29,(anonymous_6)
FN:40,(anonymous_7)
FN:41,(anonymous_8)
FN:42,(anonymous_9)
FNF:10
FNH:7
FNDA:1,(anonymous_0)
FNDA:0,(anonymous_1)
FNDA:0,(anonymous_2)
FNDA:0,(anonymous_3)
FNDA:8,(anonymous_4)
FNDA:8,(anonymous_5)
FNDA:8,(anonymous_6)
FNDA:4,(anonymous_7)
FNDA:4,(anonymous_8)
FNDA:4,(anonymous_9)
DA:2,1
DA:3,1
DA:5,1
DA:6,1
DA:7,1
DA:8,1
DA:9,1
DA:10,1
DA:12,1
DA:14,1
DA:15,0
DA:16,0
DA:17,0
DA:18,0
DA:19,0
DA:21,0
DA:25,1
DA:27,1
DA:28,8
DA:29,8
DA:30,8
DA:31,0
DA:32,0
DA:34,8
DA:38,1
DA:40,1
DA:41,4
DA:42,4
DA:43,4
DA:44,0
DA:45,0
DA:47,4
DA:51,1
DA:52,1
LF:34
LH:24
BRDA:2,0,0,1
BRDA:2,0,1,1
BRDA:2,0,2,1
BRDA:3,1,0,0
BRDA:3,1,1,1
BRDA:3,2,0,1
BRDA:3,2,1,1
BRDA:14,3,0,0
BRDA:17,4,0,0
BRDA:17,4,1,0
BRDA:27,5,0,0
BRDA:30,6,0,0
BRDA:30,6,1,8
BRDA:40,7,0,2
BRDA:43,8,0,0
BRDA:43,8,1,4
BRF:16
BRH:9
end_of_record
TN:
SF:dist\middlewares\auth.js
FN:2,(anonymous_0)
FN:3,adopt
FN:3,(anonymous_2)
FN:4,(anonymous_3)
FN:5,fulfilled
FN:6,rejected
FN:7,step
FN:15,(anonymous_7)
FN:15,(anonymous_8)
FNF:9
FNH:5
FNDA:41,(anonymous_0)
FNDA:0,adopt
FNDA:0,(anonymous_2)
FNDA:41,(anonymous_3)
FNDA:0,fulfilled
FNDA:0,rejected
FNDA:41,step
FNDA:41,(anonymous_7)
FNDA:41,(anonymous_8)
DA:2,1
DA:3,0
DA:4,41
DA:5,0
DA:6,0
DA:7,41
DA:8,41
DA:11,1
DA:12,1
DA:13,1
DA:14,1
DA:15,41
DA:16,41
DA:18,41
DA:19,41
DA:20,1
DA:21,1
DA:23,40
DA:24,40
DA:25,40
DA:26,40
DA:27,40
DA:30,0
DA:31,0
DA:32,0
DA:33,0
DA:36,0
DA:37,0
DA:40,0
DA:41,0
DA:44,1
LF:31
LH:20
BRDA:2,0,0,1
BRDA:2,0,1,1
BRDA:2,0,2,1
BRDA:3,1,0,0
BRDA:3,1,1,0
BRDA:4,2,0,41
BRDA:4,2,1,41
BRDA:7,3,0,41
BRDA:7,3,1,0
BRDA:8,4,0,41
BRDA:8,4,1,41
BRDA:19,5,0,1
BRDA:19,5,1,40
BRDA:19,6,0,41
BRDA:19,6,1,40
BRDA:25,7,0,40
BRDA:25,7,1,0
BRDA:31,8,0,0
BRDA:31,8,1,0
BRF:19
BRH:13
end_of_record
TN:
SF:dist\middlewares\upload.js
FN:2,(anonymous_0)
FN:17,(anonymous_1)
FN:20,(anonymous_2)
FN:26,(anonymous_3)
FNF:4
FNH:1
FNDA:3,(anonymous_0)
FNDA:0,(anonymous_1)
FNDA:0,(anonymous_2)
FNDA:0,(anonymous_3)
DA:2,1
DA:3,3
DA:5,1
DA:6,1
DA:7,1
DA:8,1
DA:9,1
DA:11,1
DA:12,1
DA:13,0
DA:16,1
DA:18,0
DA:21,0
DA:22,0
DA:26,1
DA:28,0
DA:29,0
DA:31,0
DA:34,1
LF:19
LH:12
BRDA:2,0,0,1
BRDA:2,0,1,1
BRDA:2,0,2,1
BRDA:3,1,0,0
BRDA:3,1,1,3
BRDA:3,2,0,3
BRDA:3,2,1,3
BRDA:12,3,0,0
BRDA:12,3,1,1
BRDA:28,4,0,0
BRDA:28,4,1,0
BRF:11
BRH:7
end_of_record
TN:
SF:dist\middlewares\validator.js
FN:6,(anonymous_0)
FN:16,(anonymous_1)
FNF:2
FNH:2
FNDA:14,(anonymous_0)
FNDA:14,(anonymous_1)
DA:2,1
DA:3,1
DA:4,1
DA:6,1
DA:7,14
DA:8,14
DA:9,5
DA:10,5
DA:12,9
DA:14,1
DA:16,1
DA:17,14
DA:22,1
DA:24,1
DA:50,1
DA:58,1
DA:83,1
DA:92,1
DA:129,1
DA:173,1
DA:194,1
DA:219,1
DA:227,1
DA:238,1
DA:247,1
DA:253,1
DA:264,1
DA:270,1
DA:271,1
DA:272,1
DA:273,1
DA:274,1
DA:275,1
DA:276,1
DA:277,1
DA:278,1
DA:279,1
DA:280,1
DA:281,1
DA:282,1
DA:283,1
LF:41
LH:41
BRDA:8,0,0,5
BRDA:8,0,1,9
BRF:2
BRH:2
end_of_record
TN:
SF:dist\routes\dashboardRoutes.js
FNF:0
FNH:0
DA:2,1
DA:3,1
DA:4,1
DA:5,1
DA:6,1
DA:8,1
DA:10,1
DA:12,1
DA:14,1
DA:16,1
DA:18,1
DA:19,1
LF:12
LH:12
BRF:0
BRH:0
end_of_record
TN:
SF:dist\routes\discussionRoutes.js
FNF:0
FNH:0
DA:2,1
DA:3,1
DA:4,1
DA:5,1
DA:6,1
DA:7,1
DA:8,1
DA:9,1
DA:11,1
DA:12,1
DA:14,1
DA:16,1
DA:18,1
DA:20,1
DA:22,1
DA:24,1
DA:26,1
DA:28,1
DA:29,1
LF:19
LH:19
BRF:0
BRH:0
end_of_record
TN:
SF:dist\routes\eventRoutes.js
FNF:0
FNH:0
DA:2,1
DA:3,1
DA:4,1
DA:5,1
DA:6,1
DA:7,1
DA:8,1
DA:9,1
DA:11,1
DA:12,1
DA:14,1
DA:16,1
DA:18,1
DA:20,1
DA:22,1
DA:24,1
DA:26,1
DA:28,1
DA:30,1
DA:32,1
DA:33,1
LF:21
LH:21
BRF:0
BRH:0
end_of_record
TN:
SF:dist\routes\messageRoutes.js
FN:2,(anonymous_0)
FNF:1
FNH:1
FNDA:1,(anonymous_0)
DA:2,1
DA:3,1
DA:5,1
DA:6,1
DA:7,1
DA:8,1
DA:9,1
DA:10,1
DA:11,1
DA:13,1
DA:15,1
DA:17,1
DA:19,1
DA:21,1
DA:23,1
DA:25,1
DA:26,1
LF:17
LH:17
BRDA:2,0,0,1
BRDA:2,0,1,1
BRDA:2,0,2,1
BRDA:3,1,0,0
BRDA:3,1,1,1
BRDA:3,2,0,1
BRDA:3,2,1,1
BRF:7
BRH:6
end_of_record
TN:
SF:dist\routes\notificationRoutes.js
FN:2,(anonymous_0)
FNF:1
FNH:1
FNDA:1,(anonymous_0)
DA:2,1
DA:3,1
DA:5,1
DA:6,1
DA:7,1
DA:8,1
DA:9,1
DA:11,1
DA:13,1
DA:15,1
DA:17,1
DA:19,1
DA:21,1
DA:22,1
LF:14
LH:14
BRDA:2,0,0,1
BRDA:2,0,1,1
BRDA:2,0,2,1
BRDA:3,1,0,0
BRDA:3,1,1,1
BRDA:3,2,0,1
BRDA:3,2,1,1
BRF:7
BRH:6
end_of_record
TN:
SF:dist\routes\userRoutes.js
FNF:0
FNH:0
DA:2,1
DA:3,1
DA:4,1
DA:5,1
DA:6,1
DA:7,1
DA:8,1
DA:10,1
DA:11,1
DA:12,1
DA:14,1
DA:15,1
DA:16,1
DA:17,1
DA:18,1
DA:19,1
DA:20,1
DA:22,1
DA:23,1
DA:24,1
LF:20
LH:20
BRF:0
BRH:0
end_of_record
TN:
SF:dist\utils\auth.js
FN:2,(anonymous_0)
FN:3,adopt
FN:3,(anonymous_2)
FN:4,(anonymous_3)
FN:5,fulfilled
FN:6,rejected
FN:7,step
FN:11,(anonymous_7)
FN:22,(anonymous_8)
FN:27,(anonymous_9)
FN:37,(anonymous_10)
FN:37,(anonymous_11)
FN:42,(anonymous_12)
FN:42,(anonymous_13)
FNF:14
FNH:7
FNDA:2,(anonymous_0)
FNDA:0,adopt
FNDA:0,(anonymous_2)
FNDA:2,(anonymous_3)
FNDA:0,fulfilled
FNDA:0,rejected
FNDA:2,step
FNDA:3,(anonymous_7)
FNDA:0,(anonymous_8)
FNDA:40,(anonymous_9)
FNDA:2,(anonymous_10)
FNDA:2,(anonymous_11)
FNDA:0,(anonymous_12)
FNDA:0,(anonymous_13)
DA:2,1
DA:3,0
DA:4,2
DA:5,0
DA:6,0
DA:7,2
DA:8,2
DA:11,1
DA:12,3
DA:14,1
DA:15,1
DA:16,1
DA:17,1
DA:18,1
DA:19,1
DA:20,1
DA:22,1
DA:23,0
DA:25,1
DA:27,1
DA:28,40
DA:29,40
DA:32,40
DA:35,1
DA:37,2
DA:38,2
DA:40,1
DA:42,1
DA:43,0
DA:44,0
DA:46,1
LF:31
LH:25
BRDA:2,0,0,1
BRDA:2,0,1,1
BRDA:2,0,2,1
BRDA:3,1,0,0
BRDA:3,1,1,0
BRDA:4,2,0,2
BRDA:4,2,1,2
BRDA:7,3,0,2
BRDA:7,3,1,0
BRDA:8,4,0,2
BRDA:8,4,1,2
BRDA:11,5,0,1
BRDA:11,5,1,1
BRDA:11,5,2,1
BRDA:12,6,0,0
BRDA:12,6,1,3
BRDA:12,7,0,3
BRDA:12,7,1,3
BRDA:20,8,0,1
BRDA:20,8,1,0
BRF:20
BRH:15
end_of_record
TN:
SF:dist\utils\authUtils.js
FN:2,(anonymous_0)
FN:3,adopt
FN:3,(anonymous_2)
FN:4,(anonymous_3)
FN:5,fulfilled
FN:6,rejected
FN:7,step
FN:15,(anonymous_7)
FN:15,(anonymous_8)
FN:27,(anonymous_9)
FN:27,(anonymous_10)
FN:39,(anonymous_11)
FN:39,(anonymous_12)
FN:51,(anonymous_13)
FN:52,(anonymous_14)
FN:52,(anonymous_15)
FN:76,(anonymous_16)
FN:77,(anonymous_17)
FN:77,(anonymous_18)
FN:101,(anonymous_19)
FN:102,(anonymous_20)
FN:102,(anonymous_21)
FNF:22
FNH:3
FNDA:0,(anonymous_0)
FNDA:0,adopt
FNDA:0,(anonymous_2)
FNDA:0,(anonymous_3)
FNDA:0,fulfilled
FNDA:0,rejected
FNDA:0,step
FNDA:0,(anonymous_7)
FNDA:0,(anonymous_8)
FNDA:0,(anonymous_9)
FNDA:0,(anonymous_10)
FNDA:0,(anonymous_11)
FNDA:0,(anonymous_12)
FNDA:6,(anonymous_13)
FNDA:0,(anonymous_14)
FNDA:0,(anonymous_15)
FNDA:4,(anonymous_16)
FNDA:0,(anonymous_17)
FNDA:0,(anonymous_18)
FNDA:3,(anonymous_19)
FNDA:0,(anonymous_20)
FNDA:0,(anonymous_21)
DA:2,1
DA:3,0
DA:4,0
DA:5,0
DA:6,0
DA:7,0
DA:8,0
DA:11,1
DA:12,1
DA:13,1
DA:15,1
DA:16,0
DA:17,0
DA:18,0
DA:21,0
DA:22,0
DA:25,1
DA:27,1
DA:28,0
DA:29,0
DA:30,0
DA:33,0
DA:34,0
DA:37,1
DA:39,1
DA:40,0
DA:41,0
DA:42,0
DA:45,0
DA:46,0
DA:49,1
DA:51,1
DA:52,6
DA:54,0
DA:55,0
DA:56,0
DA:57,0
DA:58,0
DA:59,0
DA:61,0
DA:62,0
DA:63,0
DA:64,0
DA:66,0
DA:69,0
DA:70,0
DA:74,1
DA:76,1
DA:77,4
DA:79,0
DA:80,0
DA:81,0
DA:82,0
DA:83,0
DA:84,0
DA:86,0
DA:87,0
DA:88,0
DA:89,0
DA:91,0
DA:94,0
DA:95,0
DA:99,1
DA:101,1
DA:102,3
DA:104,0
DA:105,0
DA:106,0
DA:107,0
DA:108,0
DA:109,0
DA:111,0
DA:112,0
DA:114,0
DA:116,0
DA:118,0
DA:120,0
DA:122,0
DA:124,0
DA:126,0
DA:128,0
DA:130,0
DA:132,0
DA:134,0
DA:136,0
DA:138,0
DA:140,0
DA:141,0
DA:142,0
DA:145,0
DA:147,0
DA:149,0
DA:152,0
DA:154,0
DA:155,0
DA:157,0
DA:158,0
DA:159,0
DA:161,0
DA:164,0
DA:165,0
DA:169,1
LF:102
LH:19
BRDA:2,0,0,1
BRDA:2,0,1,1
BRDA:2,0,2,1
BRDA:3,1,0,0
BRDA:3,1,1,0
BRDA:4,2,0,0
BRDA:4,2,1,0
BRDA:7,3,0,0
BRDA:7,3,1,0
BRDA:8,4,0,0
BRDA:8,4,1,0
BRDA:51,5,0,6
BRDA:56,6,0,0
BRDA:56,6,1,0
BRDA:56,7,0,0
BRDA:56,7,1,0
BRDA:57,8,0,0
BRDA:57,8,1,0
BRDA:62,9,0,0
BRDA:62,9,1,0
BRDA:76,10,0,0
BRDA:81,11,0,0
BRDA:81,11,1,0
BRDA:81,12,0,0
BRDA:81,12,1,0
BRDA:82,13,0,0
BRDA:82,13,1,0
BRDA:87,14,0,0
BRDA:87,14,1,0
BRDA:101,15,0,0
BRDA:106,16,0,0
BRDA:106,16,1,0
BRDA:106,17,0,0
BRDA:106,17,1,0
BRDA:107,18,0,0
BRDA:107,18,1,0
BRDA:112,19,0,0
BRDA:112,19,1,0
BRDA:112,19,2,0
BRDA:112,19,3,0
BRDA:112,19,4,0
BRDA:114,20,0,0
BRDA:114,20,1,0
BRDA:114,21,0,0
BRDA:114,21,1,0
BRDA:118,22,0,0
BRDA:118,22,1,0
BRDA:124,23,0,0
BRDA:124,23,1,0
BRDA:124,24,0,0
BRDA:124,24,1,0
BRDA:128,25,0,0
BRDA:128,25,1,0
BRDA:134,26,0,0
BRDA:134,26,1,0
BRDA:138,27,0,0
BRDA:138,27,1,0
BRDA:141,28,0,0
BRDA:141,28,1,0
BRDA:147,29,0,0
BRDA:147,29,1,0
BRDA:149,30,0,0
BRDA:149,30,1,0
BRDA:157,31,0,0
BRDA:157,31,1,0
BRF:65
BRH:4
end_of_record
TN:
SF:dist\utils\socketService.js
FN:2,(anonymous_0)
FN:3,adopt
FN:3,(anonymous_2)
FN:4,(anonymous_3)
FN:5,fulfilled
FN:6,rejected
FN:7,step
FN:16,(anonymous_7)
FN:21,(anonymous_8)
FN:32,(anonymous_9)
FN:35,(anonymous_10)
FN:43,(anonymous_11)
FN:48,(anonymous_12)
FN:53,(anonymous_13)
FN:53,(anonymous_14)
FN:125,(anonymous_15)
FN:142,(anonymous_16)
FN:142,(anonymous_17)
FN:162,(anonymous_18)
FN:175,(anonymous_19)
FN:176,(anonymous_20)
FN:179,(anonymous_21)
FN:188,(anonymous_22)
FN:189,(anonymous_23)
FNF:24
FNH:2
FNDA:0,(anonymous_0)
FNDA:0,adopt
FNDA:0,(anonymous_2)
FNDA:0,(anonymous_3)
FNDA:0,fulfilled
FNDA:0,rejected
FNDA:0,step
FNDA:1,(anonymous_7)
FNDA:1,(anonymous_8)
FNDA:0,(anonymous_9)
FNDA:0,(anonymous_10)
FNDA:0,(anonymous_11)
FNDA:0,(anonymous_12)
FNDA:0,(anonymous_13)
FNDA:0,(anonymous_14)
FNDA:0,(anonymous_15)
FNDA:0,(anonymous_16)
FNDA:0,(anonymous_17)
FNDA:0,(anonymous_18)
FNDA:0,(anonymous_19)
FNDA:0,(anonymous_20)
FNDA:0,(anonymous_21)
FNDA:0,(anonymous_22)
FNDA:0,(anonymous_23)
DA:2,1
DA:3,0
DA:4,0
DA:5,0
DA:6,0
DA:7,0
DA:8,0
DA:11,1
DA:12,1
DA:13,1
DA:14,1
DA:17,1
DA:18,1
DA:22,1
DA:28,1
DA:29,1
DA:33,0
DA:35,0
DA:37,0
DA:38,0
DA:40,0
DA:43,0
DA:44,0
DA:45,0
DA:48,0
DA:49,0
DA:50,0
DA:53,0
DA:55,0
DA:56,0
DA:58,0
DA:59,0
DA:60,0
DA:61,0
DA:67,0
DA:68,0
DA:69,0
DA:73,0
DA:78,0
DA:80,0
DA:98,0
DA:99,0
DA:115,0
DA:117,0
DA:123,0
DA:125,0
DA:127,0
DA:129,0
DA:137,0
DA:138,0
DA:142,0
DA:144,0
DA:145,0
DA:146,0
DA:152,0
DA:158,0
DA:162,0
DA:163,0
DA:165,0
DA:166,0
DA:167,0
DA:168,0
DA:169,0
DA:176,0
DA:177,0
DA:178,0
DA:179,0
DA:182,0
DA:183,0
DA:189,0
DA:190,0
DA:195,1
LF:72
LH:11
BRDA:2,0,0,1
BRDA:2,0,1,1
BRDA:2,0,2,1
BRDA:3,1,0,0
BRDA:3,1,1,0
BRDA:4,2,0,0
BRDA:4,2,1,0
BRDA:7,3,0,0
BRDA:7,3,1,0
BRDA:8,4,0,0
BRDA:8,4,1,0
BRDA:60,5,0,0
BRDA:60,5,1,0
BRDA:67,6,0,0
BRDA:67,6,1,0
BRDA:76,7,0,0
BRDA:76,7,1,0
BRDA:115,8,0,0
BRDA:115,8,1,0
BRDA:115,9,0,0
BRDA:115,9,1,0
BRDA:127,10,0,0
BRDA:127,10,1,0
BRDA:129,11,0,0
BRDA:129,11,1,0
BRDA:129,12,0,0
BRDA:129,12,1,0
BRDA:152,13,0,0
BRDA:152,13,1,0
BRDA:152,14,0,0
BRDA:152,14,1,0
BRDA:166,15,0,0
BRDA:166,15,1,0
BRF:33
BRH:3
end_of_record
